{"/home/travis/build/npmtest/node-npmtest-q-io/test.js":{"path":"/home/travis/build/npmtest/node-npmtest-q-io/test.js","s":{"1":2,"2":2,"3":2,"4":2,"5":2,"6":2,"7":2,"8":1,"9":2,"10":2,"11":1,"12":1,"13":1,"14":1,"15":2,"16":2,"17":2,"18":2,"19":1,"20":1,"21":2,"22":2,"23":2,"24":1,"25":1,"26":1,"27":1,"28":1,"29":1,"30":1,"31":1,"32":1,"33":1,"34":1,"35":1,"36":1,"37":2,"38":2,"39":1,"40":2,"41":2,"42":1,"43":2,"44":2,"45":1,"46":2,"47":2,"48":1,"49":1,"50":1,"51":1,"52":1},"b":{"1":[2,1,1,1],"2":[1,1,1,1],"3":[1,1],"4":[1,1],"5":[1,1],"6":[1,1],"7":[1,1],"8":[1,1],"9":[1,1,1],"10":[1,1],"11":[1,1],"12":[1,1],"13":[1,1],"14":[1,1],"15":[1,1],"16":[1,1]},"f":{"1":2,"2":2,"3":2,"4":2,"5":2,"6":1,"7":1,"8":2,"9":2,"10":2,"11":2,"12":1},"fnMap":{"1":{"name":"(anonymous_1)","line":12,"loc":{"start":{"line":12,"column":1},"end":{"line":12,"column":13}}},"2":{"name":"(anonymous_2)","line":19,"loc":{"start":{"line":19,"column":5},"end":{"line":19,"column":17}}},"3":{"name":"(anonymous_3)","line":23,"loc":{"start":{"line":23,"column":24},"end":{"line":23,"column":36}}},"4":{"name":"(anonymous_4)","line":61,"loc":{"start":{"line":61,"column":5},"end":{"line":61,"column":17}}},"5":{"name":"(anonymous_5)","line":82,"loc":{"start":{"line":82,"column":5},"end":{"line":82,"column":17}}},"6":{"name":"(anonymous_6)","line":102,"loc":{"start":{"line":102,"column":83},"end":{"line":105,"column":10}},"skip":true},"7":{"name":"(anonymous_7)","line":113,"loc":{"start":{"line":113,"column":77},"end":{"line":116,"column":10}},"skip":true},"8":{"name":"(anonymous_8)","line":129,"loc":{"start":{"line":129,"column":12},"end":{"line":129,"column":40}},"skip":true},"9":{"name":"(anonymous_9)","line":137,"loc":{"start":{"line":137,"column":77},"end":{"line":140,"column":10}},"skip":true},"10":{"name":"(anonymous_10)","line":148,"loc":{"start":{"line":148,"column":83},"end":{"line":151,"column":10}},"skip":true},"11":{"name":"(anonymous_11)","line":159,"loc":{"start":{"line":159,"column":79},"end":{"line":162,"column":10}},"skip":true},"12":{"name":"(anonymous_12)","line":170,"loc":{"start":{"line":170,"column":75},"end":{"line":173,"column":10}},"skip":true}},"statementMap":{"1":{"start":{"line":12,"column":0},"end":{"line":185,"column":5}},"2":{"start":{"line":14,"column":4},"end":{"line":14,"column":14}},"3":{"start":{"line":19,"column":4},"end":{"line":56,"column":9}},"4":{"start":{"line":21,"column":8},"end":{"line":21,"column":19}},"5":{"start":{"line":23,"column":8},"end":{"line":35,"column":13}},"6":{"start":{"line":24,"column":12},"end":{"line":34,"column":13}},"7":{"start":{"line":25,"column":16},"end":{"line":28,"column":30}},"8":{"start":{"line":30,"column":16},"end":{"line":33,"column":27}},"9":{"start":{"line":37,"column":8},"end":{"line":39,"column":21}},"10":{"start":{"line":40,"column":8},"end":{"line":53,"column":9}},"11":{"start":{"line":43,"column":12},"end":{"line":46,"column":14}},"12":{"start":{"line":47,"column":12},"end":{"line":47,"column":18}},"13":{"start":{"line":50,"column":12},"end":{"line":51,"column":46}},"14":{"start":{"line":52,"column":12},"end":{"line":52,"column":18}},"15":{"start":{"line":55,"column":8},"end":{"line":55,"column":35}},"16":{"start":{"line":61,"column":4},"end":{"line":63,"column":9}},"17":{"start":{"line":62,"column":8},"end":{"line":62,"column":15}},"18":{"start":{"line":64,"column":4},"end":{"line":77,"column":5}},"19":{"start":{"line":70,"column":8},"end":{"line":70,"column":14}},"20":{"start":{"line":76,"column":8},"end":{"line":76,"column":14}},"21":{"start":{"line":82,"column":4},"end":{"line":84,"column":9}},"22":{"start":{"line":83,"column":8},"end":{"line":83,"column":15}},"23":{"start":{"line":85,"column":4},"end":{"line":184,"column":5}},"24":{"start":{"line":92,"column":8},"end":{"line":94,"column":63}},"25":{"start":{"line":95,"column":8},"end":{"line":95,"column":14}},"26":{"start":{"line":102,"column":8},"end":{"line":111,"column":10},"skip":true},"27":{"start":{"line":109,"column":12},"end":{"line":109,"column":55},"skip":true},"28":{"start":{"line":110,"column":12},"end":{"line":110,"column":48},"skip":true},"29":{"start":{"line":113,"column":8},"end":{"line":126,"column":10},"skip":true},"30":{"start":{"line":120,"column":12},"end":{"line":120,"column":76},"skip":true},"31":{"start":{"line":121,"column":12},"end":{"line":121,"column":73},"skip":true},"32":{"start":{"line":122,"column":12},"end":{"line":122,"column":74},"skip":true},"33":{"start":{"line":123,"column":12},"end":{"line":123,"column":79},"skip":true},"34":{"start":{"line":124,"column":12},"end":{"line":124,"column":25},"skip":true},"35":{"start":{"line":125,"column":12},"end":{"line":125,"column":45},"skip":true},"36":{"start":{"line":128,"column":8},"end":{"line":135,"column":14},"skip":true},"37":{"start":{"line":133,"column":16},"end":{"line":133,"column":29},"skip":true},"38":{"start":{"line":134,"column":16},"end":{"line":134,"column":55},"skip":true},"39":{"start":{"line":137,"column":8},"end":{"line":146,"column":10},"skip":true},"40":{"start":{"line":144,"column":12},"end":{"line":144,"column":25},"skip":true},"41":{"start":{"line":145,"column":12},"end":{"line":145,"column":45},"skip":true},"42":{"start":{"line":148,"column":8},"end":{"line":157,"column":10},"skip":true},"43":{"start":{"line":155,"column":12},"end":{"line":155,"column":25},"skip":true},"44":{"start":{"line":156,"column":12},"end":{"line":156,"column":48},"skip":true},"45":{"start":{"line":159,"column":8},"end":{"line":168,"column":10},"skip":true},"46":{"start":{"line":166,"column":12},"end":{"line":166,"column":25},"skip":true},"47":{"start":{"line":167,"column":12},"end":{"line":167,"column":46},"skip":true},"48":{"start":{"line":170,"column":8},"end":{"line":179,"column":10},"skip":true},"49":{"start":{"line":177,"column":12},"end":{"line":177,"column":94},"skip":true},"50":{"start":{"line":178,"column":12},"end":{"line":178,"column":48},"skip":true},"51":{"start":{"line":182,"column":8},"end":{"line":182,"column":35},"skip":true},"52":{"start":{"line":183,"column":8},"end":{"line":183,"column":14},"skip":true}},"branchMap":{"1":{"line":25,"type":"binary-expr","locations":[{"start":{"line":25,"column":23},"end":{"line":25,"column":62}},{"start":{"line":26,"column":20},"end":{"line":26,"column":70}},{"start":{"line":27,"column":20},"end":{"line":27,"column":71}},{"start":{"line":28,"column":20},"end":{"line":28,"column":29}}]},"2":{"line":30,"type":"binary-expr","locations":[{"start":{"line":30,"column":23},"end":{"line":30,"column":37}},{"start":{"line":31,"column":20},"end":{"line":31,"column":61}},{"start":{"line":32,"column":20},"end":{"line":32,"column":70}},{"start":{"line":33,"column":20},"end":{"line":33,"column":26}}]},"3":{"line":37,"type":"cond-expr","locations":[{"start":{"line":38,"column":14},"end":{"line":38,"column":20}},{"start":{"line":39,"column":14},"end":{"line":39,"column":20}}]},"4":{"line":40,"type":"switch","locations":[{"start":{"line":42,"column":8},"end":{"line":47,"column":18}},{"start":{"line":49,"column":8},"end":{"line":52,"column":18}}]},"5":{"line":44,"type":"binary-expr","locations":[{"start":{"line":44,"column":16},"end":{"line":44,"column":44}},{"start":{"line":44,"column":48},"end":{"line":44,"column":66}}]},"6":{"line":50,"type":"binary-expr","locations":[{"start":{"line":50,"column":21},"end":{"line":50,"column":49}},{"start":{"line":50,"column":53},"end":{"line":50,"column":72}}]},"7":{"line":64,"type":"switch","locations":[{"start":{"line":69,"column":4},"end":{"line":70,"column":14}},{"start":{"line":75,"column":4},"end":{"line":76,"column":14}}]},"8":{"line":85,"type":"switch","locations":[{"start":{"line":90,"column":4},"end":{"line":95,"column":14}},{"start":{"line":101,"column":4},"end":{"line":183,"column":14},"skip":true}]},"9":{"line":92,"type":"binary-expr","locations":[{"start":{"line":92,"column":18},"end":{"line":92,"column":32}},{"start":{"line":93,"column":12},"end":{"line":93,"column":53}},{"start":{"line":94,"column":12},"end":{"line":94,"column":61}}]},"10":{"line":102,"type":"binary-expr","locations":[{"start":{"line":102,"column":45},"end":{"line":102,"column":79},"skip":true},{"start":{"line":102,"column":83},"end":{"line":111,"column":9},"skip":true}]},"11":{"line":113,"type":"binary-expr","locations":[{"start":{"line":113,"column":42},"end":{"line":113,"column":73},"skip":true},{"start":{"line":113,"column":77},"end":{"line":126,"column":9},"skip":true}]},"12":{"line":128,"type":"binary-expr","locations":[{"start":{"line":128,"column":48},"end":{"line":128,"column":85},"skip":true},{"start":{"line":129,"column":12},"end":{"line":135,"column":13},"skip":true}]},"13":{"line":137,"type":"binary-expr","locations":[{"start":{"line":137,"column":42},"end":{"line":137,"column":73},"skip":true},{"start":{"line":137,"column":77},"end":{"line":146,"column":9},"skip":true}]},"14":{"line":148,"type":"binary-expr","locations":[{"start":{"line":148,"column":45},"end":{"line":148,"column":79},"skip":true},{"start":{"line":148,"column":83},"end":{"line":157,"column":9},"skip":true}]},"15":{"line":159,"type":"binary-expr","locations":[{"start":{"line":159,"column":43},"end":{"line":159,"column":75},"skip":true},{"start":{"line":159,"column":79},"end":{"line":168,"column":9},"skip":true}]},"16":{"line":170,"type":"binary-expr","locations":[{"start":{"line":170,"column":41},"end":{"line":170,"column":71},"skip":true},{"start":{"line":170,"column":75},"end":{"line":179,"column":9},"skip":true}]}},"code":["/* istanbul instrument in package npmtest_q_io */","/*jslint","    bitwise: true,","    browser: true,","    maxerr: 8,","    maxlen: 96,","    node: true,","    nomen: true,","    regexp: true,","    stupid: true","*/","(function () {","    'use strict';","    var local;","","","","    // run shared js-env code - pre-init","    (function () {","        // init local","        local = {};","        // init modeJs","        local.modeJs = (function () {","            try {","                return typeof navigator.userAgent === 'string' &&","                    typeof document.querySelector('body') === 'object' &&","                    typeof XMLHttpRequest.prototype.open === 'function' &&","                    'browser';","            } catch (errorCaughtBrowser) {","                return module.exports &&","                    typeof process.versions.node === 'string' &&","                    typeof require('http').createServer === 'function' &&","                    'node';","            }","        }());","        // init global","        local.global = local.modeJs === 'browser'","            ? window","            : global;","        switch (local.modeJs) {","        // re-init local from window.local","        case 'browser':","            local = local.global.utility2.objectSetDefault(","                local.global.utility2_rollup || local.global.local,","                local.global.utility2","            );","            break;","        // re-init local from example.js","        case 'node':","            local = (local.global.utility2_rollup || require('utility2'))","                .requireExampleJsFromReadme();","            break;","        }","        // export local","        local.global.local = local;","    }());","","","","    // run shared js-env code - function","    (function () {","        return;","    }());","    switch (local.modeJs) {","","","","    // run browser js-env code - function","    case 'browser':","        break;","","","","    // run node js-env code - function","    case 'node':","        break;","    }","","","","    // run shared js-env code - post-init","    (function () {","        return;","    }());","    switch (local.modeJs) {","","","","    // run browser js-env code - post-init","    case 'browser':","        // run tests","        local.nop(local.modeTest &&","            document.querySelector('#testRunButton1') &&","            document.querySelector('#testRunButton1').click());","        break;","","","","    // run node js-env code - post-init","    /* istanbul ignore next */","    case 'node':","        local.testCase_buildApidoc_default = local.testCase_buildApidoc_default || function (","            options,","            onError","        ) {","        /*","         * this function will test buildApidoc's default handling-behavior-behavior","         */","            options = { modulePathList: module.paths };","            local.buildApidoc(options, onError);","        };","","        local.testCase_buildApp_default = local.testCase_buildApp_default || function (","            options,","            onError","        ) {","        /*","         * this function will test buildApp's default handling-behavior-behavior","         */","            local.testCase_buildReadme_default(options, local.onErrorThrow);","            local.testCase_buildLib_default(options, local.onErrorThrow);","            local.testCase_buildTest_default(options, local.onErrorThrow);","            local.testCase_buildCustomOrg_default(options, local.onErrorThrow);","            options = [];","            local.buildApp(options, onError);","        };","","        local.testCase_buildCustomOrg_default = local.testCase_buildCustomOrg_default ||","            function (options, onError) {","            /*","             * this function will test buildCustomOrg's default handling-behavior","             */","                options = {};","                local.buildCustomOrg(options, onError);","            };","","        local.testCase_buildLib_default = local.testCase_buildLib_default || function (","            options,","            onError","        ) {","        /*","         * this function will test buildLib's default handling-behavior","         */","            options = {};","            local.buildLib(options, onError);","        };","","        local.testCase_buildReadme_default = local.testCase_buildReadme_default || function (","            options,","            onError","        ) {","        /*","         * this function will test buildReadme's default handling-behavior-behavior","         */","            options = {};","            local.buildReadme(options, onError);","        };","","        local.testCase_buildTest_default = local.testCase_buildTest_default || function (","            options,","            onError","        ) {","        /*","         * this function will test buildTest's default handling-behavior","         */","            options = {};","            local.buildTest(options, onError);","        };","","        local.testCase_webpage_default = local.testCase_webpage_default || function (","            options,","            onError","        ) {","        /*","         * this function will test webpage's default handling-behavior","         */","            options = { modeCoverageMerge: true, url: local.serverLocalHost + '?modeTest=1' };","            local.browserTest(options, onError);","        };","","        // run test-server","        local.testRunServer(local);","        break;","    }","}());",""],"l":{"12":2,"14":2,"19":2,"21":2,"23":2,"24":2,"25":2,"30":1,"37":2,"40":2,"43":1,"47":1,"50":1,"52":1,"55":2,"61":2,"62":2,"64":2,"70":1,"76":1,"82":2,"83":2,"85":2,"92":1,"95":1,"102":1,"109":1,"110":1,"113":1,"120":1,"121":1,"122":1,"123":1,"124":1,"125":1,"128":1,"133":2,"134":2,"137":1,"144":2,"145":2,"148":1,"155":2,"156":2,"159":1,"166":2,"167":2,"170":1,"177":1,"178":1,"182":1,"183":1}},"/home/travis/build/npmtest/node-npmtest-q-io/lib.npmtest_q_io.js":{"path":"/home/travis/build/npmtest/node-npmtest-q-io/lib.npmtest_q_io.js","s":{"1":2,"2":2,"3":2,"4":2,"5":2,"6":2,"7":2,"8":1,"9":2,"10":2,"11":2,"12":2,"13":1,"14":1,"15":1,"16":1},"b":{"1":[2,1,1,1],"2":[1,1,1,1],"3":[1,1],"4":[2,2],"5":[1,1]},"f":{"1":2,"2":2,"3":2},"fnMap":{"1":{"name":"(anonymous_1)","line":12,"loc":{"start":{"line":12,"column":1},"end":{"line":12,"column":13}}},"2":{"name":"(anonymous_2)","line":19,"loc":{"start":{"line":19,"column":5},"end":{"line":19,"column":17}}},"3":{"name":"(anonymous_3)","line":23,"loc":{"start":{"line":23,"column":24},"end":{"line":23,"column":36}}}},"statementMap":{"1":{"start":{"line":12,"column":0},"end":{"line":53,"column":5}},"2":{"start":{"line":14,"column":4},"end":{"line":14,"column":14}},"3":{"start":{"line":19,"column":4},"end":{"line":52,"column":9}},"4":{"start":{"line":21,"column":8},"end":{"line":21,"column":19}},"5":{"start":{"line":23,"column":8},"end":{"line":35,"column":13}},"6":{"start":{"line":24,"column":12},"end":{"line":34,"column":13}},"7":{"start":{"line":25,"column":16},"end":{"line":28,"column":30}},"8":{"start":{"line":30,"column":16},"end":{"line":33,"column":27}},"9":{"start":{"line":37,"column":8},"end":{"line":39,"column":21}},"10":{"start":{"line":41,"column":8},"end":{"line":41,"column":54}},"11":{"start":{"line":43,"column":8},"end":{"line":43,"column":49}},"12":{"start":{"line":45,"column":8},"end":{"line":51,"column":9}},"13":{"start":{"line":46,"column":12},"end":{"line":46,"column":55}},"14":{"start":{"line":48,"column":12},"end":{"line":48,"column":35}},"15":{"start":{"line":49,"column":12},"end":{"line":49,"column":49}},"16":{"start":{"line":50,"column":12},"end":{"line":50,"column":43}}},"branchMap":{"1":{"line":25,"type":"binary-expr","locations":[{"start":{"line":25,"column":23},"end":{"line":25,"column":62}},{"start":{"line":26,"column":20},"end":{"line":26,"column":70}},{"start":{"line":27,"column":20},"end":{"line":27,"column":71}},{"start":{"line":28,"column":20},"end":{"line":28,"column":29}}]},"2":{"line":30,"type":"binary-expr","locations":[{"start":{"line":30,"column":23},"end":{"line":30,"column":37}},{"start":{"line":31,"column":20},"end":{"line":31,"column":61}},{"start":{"line":32,"column":20},"end":{"line":32,"column":70}},{"start":{"line":33,"column":20},"end":{"line":33,"column":26}}]},"3":{"line":37,"type":"cond-expr","locations":[{"start":{"line":38,"column":14},"end":{"line":38,"column":20}},{"start":{"line":39,"column":14},"end":{"line":39,"column":20}}]},"4":{"line":41,"type":"binary-expr","locations":[{"start":{"line":41,"column":16},"end":{"line":41,"column":44}},{"start":{"line":41,"column":48},"end":{"line":41,"column":53}}]},"5":{"line":45,"type":"if","locations":[{"start":{"line":45,"column":8},"end":{"line":45,"column":8}},{"start":{"line":45,"column":8},"end":{"line":45,"column":8}}]}},"code":["/* istanbul instrument in package npmtest_q_io */","/*jslint","    bitwise: true,","    browser: true,","    maxerr: 8,","    maxlen: 96,","    node: true,","    nomen: true,","    regexp: true,","    stupid: true","*/","(function () {","    'use strict';","    var local;","","","","    // run shared js-env code - pre-init","    (function () {","        // init local","        local = {};","        // init modeJs","        local.modeJs = (function () {","            try {","                return typeof navigator.userAgent === 'string' &&","                    typeof document.querySelector('body') === 'object' &&","                    typeof XMLHttpRequest.prototype.open === 'function' &&","                    'browser';","            } catch (errorCaughtBrowser) {","                return module.exports &&","                    typeof process.versions.node === 'string' &&","                    typeof require('http').createServer === 'function' &&","                    'node';","            }","        }());","        // init global","        local.global = local.modeJs === 'browser'","            ? window","            : global;","        // init utility2_rollup","        local = local.global.utility2_rollup || local;","        // init lib","        local.local = local.npmtest_q_io = local;","        // init exports","        if (local.modeJs === 'browser') {","            local.global.utility2_npmtest_q_io = local;","        } else {","            module.exports = local;","            module.exports.__dirname = __dirname;","            module.exports.module = module;","        }","    }());","}());",""],"l":{"12":2,"14":2,"19":2,"21":2,"23":2,"24":2,"25":2,"30":1,"37":2,"41":2,"43":2,"45":2,"46":1,"48":1,"49":1,"50":1}},"/home/travis/build/npmtest/node-npmtest-q-io/example.js":{"path":"/home/travis/build/npmtest/node-npmtest-q-io/example.js","s":{"1":2,"2":2,"3":2,"4":2,"5":2,"6":2,"7":2,"8":1,"9":2,"10":2,"11":2,"12":2,"13":1,"14":2,"15":2,"16":2,"17":2,"18":2,"19":0,"20":2,"21":1,"22":1,"23":1,"24":1,"25":1,"26":0,"27":0,"28":1,"29":1,"30":2,"31":0,"32":0,"33":0,"34":1,"35":2,"36":2,"37":2,"38":2,"39":2,"40":2,"41":0,"42":2,"43":2,"44":2,"45":1,"46":3,"47":1,"48":1,"49":1,"50":1,"51":1,"52":1,"53":1,"54":1,"55":1,"56":1,"57":0,"58":1,"59":6,"60":6,"61":1,"62":2,"63":0,"64":2,"65":1,"66":1,"67":0,"68":0,"69":0,"70":0,"71":0,"72":0,"73":0,"74":0,"75":0,"76":0,"77":0,"78":0,"79":0,"80":0,"81":0,"82":0,"83":0},"b":{"1":[2,1,1,1],"2":[1,1,1,1],"3":[1,1],"4":[2,2],"5":[1,1],"6":[1,1],"7":[2,0],"8":[2,1,1,1,1,1],"9":[0,2,0],"10":[1,1],"11":[2,1,1],"12":[1,0],"13":[0,2],"14":[2,0,0,0,0,0,0],"15":[0,2],"16":[2,0],"17":[1,1],"18":[0,1],"19":[1,2,0,2],"20":[1,0],"21":[1,1],"22":[0,0],"23":[0,0],"24":[0,0],"25":[0,0],"26":[0,0],"27":[0,0],"28":[0,0]},"f":{"1":2,"2":2,"3":2,"4":2,"5":2,"6":2,"7":2,"8":2,"9":3,"10":1,"11":6,"12":0},"fnMap":{"1":{"name":"(anonymous_1)","line":26,"loc":{"start":{"line":26,"column":1},"end":{"line":26,"column":13}}},"2":{"name":"(anonymous_2)","line":33,"loc":{"start":{"line":33,"column":5},"end":{"line":33,"column":17}}},"3":{"name":"(anonymous_3)","line":37,"loc":{"start":{"line":37,"column":24},"end":{"line":37,"column":36}}},"4":{"name":"(anonymous_4)","line":69,"loc":{"start":{"line":69,"column":31},"end":{"line":69,"column":48}},"skip":true},"5":{"name":"(anonymous_5)","line":78,"loc":{"start":{"line":78,"column":26},"end":{"line":78,"column":45}},"skip":true},"6":{"name":"(anonymous_6)","line":123,"loc":{"start":{"line":123,"column":33},"end":{"line":123,"column":48}},"skip":true},"7":{"name":"(anonymous_7)","line":125,"loc":{"start":{"line":125,"column":27},"end":{"line":125,"column":39}},"skip":true},"8":{"name":"(anonymous_8)","line":133,"loc":{"start":{"line":133,"column":59},"end":{"line":133,"column":74}},"skip":true},"9":{"name":"(anonymous_9)","line":143,"loc":{"start":{"line":143,"column":45},"end":{"line":143,"column":62}},"skip":true},"10":{"name":"(anonymous_10)","line":144,"loc":{"start":{"line":144,"column":73},"end":{"line":144,"column":92}},"skip":true},"11":{"name":"(anonymous_11)","line":272,"loc":{"start":{"line":272,"column":51},"end":{"line":272,"column":77}},"skip":true},"12":{"name":"(anonymous_12)","line":314,"loc":{"start":{"line":314,"column":32},"end":{"line":314,"column":61}},"skip":true}},"statementMap":{"1":{"start":{"line":26,"column":0},"end":{"line":325,"column":5}},"2":{"start":{"line":28,"column":4},"end":{"line":28,"column":14}},"3":{"start":{"line":33,"column":4},"end":{"line":60,"column":9}},"4":{"start":{"line":35,"column":8},"end":{"line":35,"column":19}},"5":{"start":{"line":37,"column":8},"end":{"line":49,"column":13}},"6":{"start":{"line":38,"column":12},"end":{"line":48,"column":13}},"7":{"start":{"line":39,"column":16},"end":{"line":42,"column":30}},"8":{"start":{"line":44,"column":16},"end":{"line":47,"column":27}},"9":{"start":{"line":51,"column":8},"end":{"line":53,"column":21}},"10":{"start":{"line":55,"column":8},"end":{"line":57,"column":45}},"11":{"start":{"line":59,"column":8},"end":{"line":59,"column":35}},"12":{"start":{"line":61,"column":4},"end":{"line":324,"column":5}},"13":{"start":{"line":69,"column":8},"end":{"line":121,"column":10},"skip":true},"14":{"start":{"line":70,"column":12},"end":{"line":88,"column":13},"skip":true},"15":{"start":{"line":76,"column":16},"end":{"line":87,"column":19},"skip":true},"16":{"start":{"line":79,"column":20},"end":{"line":86,"column":21},"skip":true},"17":{"start":{"line":82,"column":24},"end":{"line":82,"column":43},"skip":true},"18":{"start":{"line":83,"column":24},"end":{"line":83,"column":30},"skip":true},"19":{"start":{"line":85,"column":24},"end":{"line":85,"column":49},"skip":true},"20":{"start":{"line":89,"column":12},"end":{"line":107,"column":13},"skip":true},"21":{"start":{"line":92,"column":16},"end":{"line":102,"column":17},"skip":true},"22":{"start":{"line":93,"column":20},"end":{"line":93,"column":86},"skip":true},"23":{"start":{"line":94,"column":20},"end":{"line":95,"column":45},"skip":true},"24":{"start":{"line":96,"column":20},"end":{"line":96,"column":42},"skip":true},"25":{"start":{"line":97,"column":20},"end":{"line":97,"column":48},"skip":true},"26":{"start":{"line":100,"column":20},"end":{"line":100,"column":85},"skip":true},"27":{"start":{"line":101,"column":20},"end":{"line":101,"column":96},"skip":true},"28":{"start":{"line":103,"column":16},"end":{"line":103,"column":22},"skip":true},"29":{"start":{"line":106,"column":16},"end":{"line":106,"column":22},"skip":true},"30":{"start":{"line":108,"column":12},"end":{"line":120,"column":13},"skip":true},"31":{"start":{"line":114,"column":16},"end":{"line":119,"column":17},"skip":true},"32":{"start":{"line":116,"column":20},"end":{"line":116,"column":78},"skip":true},"33":{"start":{"line":118,"column":20},"end":{"line":118,"column":47},"skip":true},"34":{"start":{"line":123,"column":8},"end":{"line":141,"column":11},"skip":true},"35":{"start":{"line":124,"column":12},"end":{"line":124,"column":54},"skip":true},"36":{"start":{"line":125,"column":12},"end":{"line":140,"column":14},"skip":true},"37":{"start":{"line":126,"column":16},"end":{"line":126,"column":28},"skip":true},"38":{"start":{"line":127,"column":16},"end":{"line":127,"column":69},"skip":true},"39":{"start":{"line":128,"column":16},"end":{"line":128,"column":75},"skip":true},"40":{"start":{"line":129,"column":16},"end":{"line":131,"column":17},"skip":true},"41":{"start":{"line":130,"column":20},"end":{"line":130,"column":27},"skip":true},"42":{"start":{"line":133,"column":16},"end":{"line":137,"column":36},"skip":true},"43":{"start":{"line":134,"column":20},"end":{"line":136,"column":55},"skip":true},"44":{"start":{"line":139,"column":16},"end":{"line":139,"column":57},"skip":true},"45":{"start":{"line":143,"column":8},"end":{"line":147,"column":11},"skip":true},"46":{"start":{"line":144,"column":12},"end":{"line":146,"column":15},"skip":true},"47":{"start":{"line":145,"column":16},"end":{"line":145,"column":70},"skip":true},"48":{"start":{"line":149,"column":8},"end":{"line":149,"column":31},"skip":true},"49":{"start":{"line":150,"column":8},"end":{"line":150,"column":14},"skip":true},"50":{"start":{"line":158,"column":8},"end":{"line":158,"column":31},"skip":true},"51":{"start":{"line":160,"column":8},"end":{"line":160,"column":33},"skip":true},"52":{"start":{"line":161,"column":8},"end":{"line":161,"column":37},"skip":true},"53":{"start":{"line":162,"column":8},"end":{"line":162,"column":35},"skip":true},"54":{"start":{"line":164,"column":8},"end":{"line":164,"column":50},"skip":true},"55":{"start":{"line":166,"column":8},"end":{"line":256,"column":2},"skip":true},"56":{"start":{"line":258,"column":8},"end":{"line":286,"column":9},"skip":true},"57":{"start":{"line":259,"column":12},"end":{"line":269,"column":14},"skip":true},"58":{"start":{"line":271,"column":12},"end":{"line":285,"column":19},"skip":true},"59":{"start":{"line":274,"column":20},"end":{"line":274,"column":35},"skip":true},"60":{"start":{"line":275,"column":20},"end":{"line":284,"column":21},"skip":true},"61":{"start":{"line":277,"column":24},"end":{"line":277,"column":64},"skip":true},"62":{"start":{"line":279,"column":24},"end":{"line":279,"column":40},"skip":true},"63":{"start":{"line":281,"column":24},"end":{"line":281,"column":40},"skip":true},"64":{"start":{"line":283,"column":24},"end":{"line":283,"column":39},"skip":true},"65":{"start":{"line":288,"column":8},"end":{"line":290,"column":9},"skip":true},"66":{"start":{"line":289,"column":12},"end":{"line":289,"column":18},"skip":true},"67":{"start":{"line":291,"column":8},"end":{"line":293,"column":54},"skip":true},"68":{"start":{"line":294,"column":8},"end":{"line":301,"column":37},"skip":true},"69":{"start":{"line":302,"column":8},"end":{"line":302,"column":82},"skip":true},"70":{"start":{"line":305,"column":8},"end":{"line":307,"column":9},"skip":true},"71":{"start":{"line":306,"column":12},"end":{"line":306,"column":82},"skip":true},"72":{"start":{"line":309,"column":8},"end":{"line":311,"column":9},"skip":true},"73":{"start":{"line":310,"column":12},"end":{"line":310,"column":18},"skip":true},"74":{"start":{"line":312,"column":8},"end":{"line":312,"column":54},"skip":true},"75":{"start":{"line":313,"column":8},"end":{"line":313,"column":69},"skip":true},"76":{"start":{"line":314,"column":8},"end":{"line":322,"column":36},"skip":true},"77":{"start":{"line":315,"column":12},"end":{"line":315,"column":61},"skip":true},"78":{"start":{"line":316,"column":12},"end":{"line":319,"column":13},"skip":true},"79":{"start":{"line":317,"column":16},"end":{"line":317,"column":75},"skip":true},"80":{"start":{"line":318,"column":16},"end":{"line":318,"column":23},"skip":true},"81":{"start":{"line":320,"column":12},"end":{"line":320,"column":38},"skip":true},"82":{"start":{"line":321,"column":12},"end":{"line":321,"column":27},"skip":true},"83":{"start":{"line":323,"column":8},"end":{"line":323,"column":14},"skip":true}},"branchMap":{"1":{"line":39,"type":"binary-expr","locations":[{"start":{"line":39,"column":23},"end":{"line":39,"column":62}},{"start":{"line":40,"column":20},"end":{"line":40,"column":70}},{"start":{"line":41,"column":20},"end":{"line":41,"column":71}},{"start":{"line":42,"column":20},"end":{"line":42,"column":29}}]},"2":{"line":44,"type":"binary-expr","locations":[{"start":{"line":44,"column":23},"end":{"line":44,"column":37}},{"start":{"line":45,"column":20},"end":{"line":45,"column":61}},{"start":{"line":46,"column":20},"end":{"line":46,"column":70}},{"start":{"line":47,"column":20},"end":{"line":47,"column":26}}]},"3":{"line":51,"type":"cond-expr","locations":[{"start":{"line":52,"column":14},"end":{"line":52,"column":20}},{"start":{"line":53,"column":14},"end":{"line":53,"column":20}}]},"4":{"line":55,"type":"binary-expr","locations":[{"start":{"line":55,"column":16},"end":{"line":55,"column":44}},{"start":{"line":55,"column":49},"end":{"line":57,"column":43}}]},"5":{"line":55,"type":"cond-expr","locations":[{"start":{"line":56,"column":14},"end":{"line":56,"column":48}},{"start":{"line":57,"column":14},"end":{"line":57,"column":43}}]},"6":{"line":61,"type":"switch","locations":[{"start":{"line":68,"column":4},"end":{"line":150,"column":14},"skip":true},{"start":{"line":156,"column":4},"end":{"line":323,"column":14},"skip":true}]},"7":{"line":70,"type":"if","locations":[{"start":{"line":70,"column":12},"end":{"line":70,"column":12},"skip":true},{"start":{"line":70,"column":12},"end":{"line":70,"column":12},"skip":true}]},"8":{"line":70,"type":"binary-expr","locations":[{"start":{"line":70,"column":16},"end":{"line":70,"column":22},"skip":true},{"start":{"line":70,"column":27},"end":{"line":70,"column":32},"skip":true},{"start":{"line":71,"column":20},"end":{"line":71,"column":39},"skip":true},{"start":{"line":72,"column":20},"end":{"line":72,"column":49},"skip":true},{"start":{"line":73,"column":20},"end":{"line":73,"column":58},"skip":true},{"start":{"line":74,"column":20},"end":{"line":74,"column":69},"skip":true}]},"9":{"line":79,"type":"switch","locations":[{"start":{"line":80,"column":20},"end":{"line":80,"column":33},"skip":true},{"start":{"line":81,"column":20},"end":{"line":83,"column":30},"skip":true},{"start":{"line":84,"column":20},"end":{"line":85,"column":49},"skip":true}]},"10":{"line":89,"type":"switch","locations":[{"start":{"line":90,"column":12},"end":{"line":103,"column":22},"skip":true},{"start":{"line":105,"column":12},"end":{"line":106,"column":22},"skip":true}]},"11":{"line":89,"type":"binary-expr","locations":[{"start":{"line":89,"column":20},"end":{"line":89,"column":25},"skip":true},{"start":{"line":89,"column":29},"end":{"line":89,"column":48},"skip":true},{"start":{"line":89,"column":52},"end":{"line":89,"column":74},"skip":true}]},"12":{"line":92,"type":"if","locations":[{"start":{"line":92,"column":16},"end":{"line":92,"column":16},"skip":true},{"start":{"line":92,"column":16},"end":{"line":92,"column":16},"skip":true}]},"13":{"line":108,"type":"if","locations":[{"start":{"line":108,"column":12},"end":{"line":108,"column":12},"skip":true},{"start":{"line":108,"column":12},"end":{"line":108,"column":12},"skip":true}]},"14":{"line":108,"type":"binary-expr","locations":[{"start":{"line":108,"column":16},"end":{"line":108,"column":61},"skip":true},{"start":{"line":108,"column":66},"end":{"line":108,"column":72},"skip":true},{"start":{"line":108,"column":77},"end":{"line":108,"column":82},"skip":true},{"start":{"line":109,"column":20},"end":{"line":109,"column":39},"skip":true},{"start":{"line":110,"column":20},"end":{"line":110,"column":49},"skip":true},{"start":{"line":111,"column":20},"end":{"line":111,"column":58},"skip":true},{"start":{"line":112,"column":20},"end":{"line":112,"column":68},"skip":true}]},"15":{"line":129,"type":"if","locations":[{"start":{"line":129,"column":16},"end":{"line":129,"column":16},"skip":true},{"start":{"line":129,"column":16},"end":{"line":129,"column":16},"skip":true}]},"16":{"line":134,"type":"cond-expr","locations":[{"start":{"line":135,"column":26},"end":{"line":135,"column":29},"skip":true},{"start":{"line":136,"column":26},"end":{"line":136,"column":54},"skip":true}]},"17":{"line":164,"type":"binary-expr","locations":[{"start":{"line":164,"column":27},"end":{"line":164,"column":43},"skip":true},{"start":{"line":164,"column":47},"end":{"line":164,"column":49},"skip":true}]},"18":{"line":258,"type":"if","locations":[{"start":{"line":258,"column":8},"end":{"line":258,"column":8},"skip":true},{"start":{"line":258,"column":8},"end":{"line":258,"column":8},"skip":true}]},"19":{"line":275,"type":"switch","locations":[{"start":{"line":276,"column":20},"end":{"line":277,"column":64},"skip":true},{"start":{"line":278,"column":20},"end":{"line":279,"column":40},"skip":true},{"start":{"line":280,"column":20},"end":{"line":281,"column":40},"skip":true},{"start":{"line":282,"column":20},"end":{"line":283,"column":39},"skip":true}]},"20":{"line":288,"type":"if","locations":[{"start":{"line":288,"column":8},"end":{"line":288,"column":8},"skip":true},{"start":{"line":288,"column":8},"end":{"line":288,"column":8},"skip":true}]},"21":{"line":288,"type":"binary-expr","locations":[{"start":{"line":288,"column":12},"end":{"line":288,"column":40},"skip":true},{"start":{"line":288,"column":44},"end":{"line":288,"column":67},"skip":true}]},"22":{"line":292,"type":"binary-expr","locations":[{"start":{"line":292,"column":12},"end":{"line":292,"column":50},"skip":true},{"start":{"line":293,"column":12},"end":{"line":293,"column":53},"skip":true}]},"23":{"line":295,"type":"binary-expr","locations":[{"start":{"line":295,"column":12},"end":{"line":295,"column":62},"skip":true},{"start":{"line":296,"column":12},"end":{"line":301,"column":36},"skip":true}]},"24":{"line":302,"type":"binary-expr","locations":[{"start":{"line":302,"column":43},"end":{"line":302,"column":75},"skip":true},{"start":{"line":302,"column":79},"end":{"line":302,"column":81},"skip":true}]},"25":{"line":305,"type":"if","locations":[{"start":{"line":305,"column":8},"end":{"line":305,"column":8},"skip":true},{"start":{"line":305,"column":8},"end":{"line":305,"column":8},"skip":true}]},"26":{"line":309,"type":"if","locations":[{"start":{"line":309,"column":8},"end":{"line":309,"column":8},"skip":true},{"start":{"line":309,"column":8},"end":{"line":309,"column":8},"skip":true}]},"27":{"line":312,"type":"binary-expr","locations":[{"start":{"line":312,"column":27},"end":{"line":312,"column":43},"skip":true},{"start":{"line":312,"column":47},"end":{"line":312,"column":53},"skip":true}]},"28":{"line":316,"type":"if","locations":[{"start":{"line":316,"column":12},"end":{"line":316,"column":12},"skip":true},{"start":{"line":316,"column":12},"end":{"line":316,"column":12},"skip":true}]}},"code":["/*","example.js","","quickstart example","","instruction","    1. save this script as example.js","    2. run the shell command:","        $ npm install npmtest-q-io && PORT=8081 node example.js","    3. play with the browser-demo on http://127.0.0.1:8081","*/","","","","/* istanbul instrument in package npmtest_q_io */","/*jslint","    bitwise: true,","    browser: true,","    maxerr: 8,","    maxlen: 96,","    node: true,","    nomen: true,","    regexp: true,","    stupid: true","*/","(function () {","    'use strict';","    var local;","","","","    // run shared js-env code - pre-init","    (function () {","        // init local","        local = {};","        // init modeJs","        local.modeJs = (function () {","            try {","                return typeof navigator.userAgent === 'string' &&","                    typeof document.querySelector('body') === 'object' &&","                    typeof XMLHttpRequest.prototype.open === 'function' &&","                    'browser';","            } catch (errorCaughtBrowser) {","                return module.exports &&","                    typeof process.versions.node === 'string' &&","                    typeof require('http').createServer === 'function' &&","                    'node';","            }","        }());","        // init global","        local.global = local.modeJs === 'browser'","            ? window","            : global;","        // init utility2_rollup","        local = local.global.utility2_rollup || (local.modeJs === 'browser'","            ? local.global.utility2_npmtest_q_io","            : global.utility2_moduleExports);","        // export local","        local.global.local = local;","    }());","    switch (local.modeJs) {","","","","    // post-init","    // run browser js-env code - post-init","    /* istanbul ignore next */","    case 'browser':","        local.testRunBrowser = function (event) {","            if (!event || (event &&","                    event.currentTarget &&","                    event.currentTarget.className &&","                    event.currentTarget.className.includes &&","                    event.currentTarget.className.includes('onreset'))) {","                // reset output","                Array.from(","                    document.querySelectorAll('body > .resettable')","                ).forEach(function (element) {","                    switch (element.tagName) {","                    case 'INPUT':","                    case 'TEXTAREA':","                        element.value = '';","                        break;","                    default:","                        element.textContent = '';","                    }","                });","            }","            switch (event && event.currentTarget && event.currentTarget.id) {","            case 'testRunButton1':","                // show tests","                if (document.querySelector('#testReportDiv1').style.display === 'none') {","                    document.querySelector('#testReportDiv1').style.display = 'block';","                    document.querySelector('#testRunButton1').textContent =","                        'hide internal test';","                    local.modeTest = true;","                    local.testRunDefault(local);","                // hide tests","                } else {","                    document.querySelector('#testReportDiv1').style.display = 'none';","                    document.querySelector('#testRunButton1').textContent = 'run internal test';","                }","                break;","            // custom-case","            default:","                break;","            }","            if (document.querySelector('#inputTextareaEval1') && (!event || (event &&","                    event.currentTarget &&","                    event.currentTarget.className &&","                    event.currentTarget.className.includes &&","                    event.currentTarget.className.includes('oneval')))) {","                // try to eval input-code","                try {","                    /*jslint evil: true*/","                    eval(document.querySelector('#inputTextareaEval1').value);","                } catch (errorCaught) {","                    console.error(errorCaught);","                }","            }","        };","        // log stderr and stdout to #outputTextareaStdout1","        ['error', 'log'].forEach(function (key) {","            console[key + '_original'] = console[key];","            console[key] = function () {","                var element;","                console[key + '_original'].apply(console, arguments);","                element = document.querySelector('#outputTextareaStdout1');","                if (!element) {","                    return;","                }","                // append text to #outputTextareaStdout1","                element.value += Array.from(arguments).map(function (arg) {","                    return typeof arg === 'string'","                        ? arg","                        : JSON.stringify(arg, null, 4);","                }).join(' ') + '\\n';","                // scroll textarea to bottom","                element.scrollTop = element.scrollHeight;","            };","        });","        // init event-handling","        ['change', 'click', 'keyup'].forEach(function (event) {","            Array.from(document.querySelectorAll('.on' + event)).forEach(function (element) {","                element.addEventListener(event, local.testRunBrowser);","            });","        });","        // run tests","        local.testRunBrowser();","        break;","","","","    // run node js-env code - post-init","    /* istanbul ignore next */","    case 'node':","        // export local","        module.exports = local;","        // require modules","        local.fs = require('fs');","        local.http = require('http');","        local.url = require('url');","        // init assets","        local.assetsDict = local.assetsDict || {};","        /* jslint-ignore-begin */","        local.assetsDict['/assets.index.template.html'] = '\\","<!doctype html>\\n\\","<html lang=\"en\">\\n\\","<head>\\n\\","<meta charset=\"UTF-8\">\\n\\","<meta name=\"viewport\" content=\"width=device-width, initial-scale=1\">\\n\\","<title>{{env.npm_package_name}} (v{{env.npm_package_version}})</title>\\n\\","<style>\\n\\","/*csslint\\n\\","    box-sizing: false,\\n\\","    universal-selector: false\\n\\","*/\\n\\","* {\\n\\","    box-sizing: border-box;\\n\\","}\\n\\","body {\\n\\","    background: #dde;\\n\\","    font-family: Arial, Helvetica, sans-serif;\\n\\","    margin: 2rem;\\n\\","}\\n\\","body > * {\\n\\","    margin-bottom: 1rem;\\n\\","}\\n\\",".utility2FooterDiv {\\n\\","    margin-top: 20px;\\n\\","    text-align: center;\\n\\","}\\n\\","</style>\\n\\","<style>\\n\\","/*csslint\\n\\","*/\\n\\","textarea {\\n\\","    font-family: monospace;\\n\\","    height: 10rem;\\n\\","    width: 100%;\\n\\","}\\n\\","textarea[readonly] {\\n\\","    background: #ddd;\\n\\","}\\n\\","</style>\\n\\","</head>\\n\\","<body>\\n\\","<!-- utility2-comment\\n\\","<div id=\"ajaxProgressDiv1\" style=\"background: #d00; height: 2px; left: 0; margin: 0; padding: 0; position: fixed; top: 0; transition: background 0.5s, width 1.5s; width: 25%;\"></div>\\n\\","utility2-comment -->\\n\\","<h1>\\n\\","<!-- utility2-comment\\n\\","    <a\\n\\","        {{#if env.npm_package_homepage}}\\n\\","        href=\"{{env.npm_package_homepage}}\"\\n\\","        {{/if env.npm_package_homepage}}\\n\\","        target=\"_blank\"\\n\\","    >\\n\\","utility2-comment -->\\n\\","        {{env.npm_package_name}} (v{{env.npm_package_version}})\\n\\","<!-- utility2-comment\\n\\","    </a>\\n\\","utility2-comment -->\\n\\","</h1>\\n\\","<h3>{{env.npm_package_description}}</h3>\\n\\","<!-- utility2-comment\\n\\","<h4><a download href=\"assets.app.js\">download standalone app</a></h4>\\n\\","<button class=\"onclick onreset\" id=\"testRunButton1\">run internal test</button><br>\\n\\","<div id=\"testReportDiv1\" style=\"display: none;\"></div>\\n\\","utility2-comment -->\\n\\","\\n\\","\\n\\","\\n\\","<label>stderr and stdout</label>\\n\\","<textarea class=\"resettable\" id=\"outputTextareaStdout1\" readonly></textarea>\\n\\","<!-- utility2-comment\\n\\","{{#if isRollup}}\\n\\","<script src=\"assets.app.js\"></script>\\n\\","{{#unless isRollup}}\\n\\","utility2-comment -->\\n\\","<script src=\"assets.utility2.rollup.js\"></script>\\n\\","<script src=\"jsonp.utility2._stateInit?callback=window.utility2._stateInit\"></script>\\n\\","<script src=\"assets.npmtest_q_io.rollup.js\"></script>\\n\\","<script src=\"assets.example.js\"></script>\\n\\","<script src=\"assets.test.js\"></script>\\n\\","<!-- utility2-comment\\n\\","{{/if isRollup}}\\n\\","utility2-comment -->\\n\\","<div class=\"utility2FooterDiv\">\\n\\","    [ this app was created with\\n\\","    <a href=\"https://github.com/kaizhu256/node-utility2\" target=\"_blank\">utility2</a>\\n\\","    ]\\n\\","</div>\\n\\","</body>\\n\\","</html>\\n\\","';","        /* jslint-ignore-end */","        if (local.templateRender) {","            local.assetsDict['/'] = local.templateRender(","                local.assetsDict['/assets.index.template.html'],","                {","                    env: local.objectSetDefault(local.env, {","                        npm_package_description: 'the greatest app in the world!',","                        npm_package_name: 'my-app',","                        npm_package_nameAlias: 'my_app',","                        npm_package_version: '0.0.1'","                    })","                }","            );","        } else {","            local.assetsDict['/'] = local.assetsDict['/assets.index.template.html']","                .replace((/\\{\\{env\\.(\\w+?)\\}\\}/g), function (match0, match1) {","                    // jslint-hack","                    String(match0);","                    switch (match1) {","                    case 'npm_package_description':","                        return 'the greatest app in the world!';","                    case 'npm_package_name':","                        return 'my-app';","                    case 'npm_package_nameAlias':","                        return 'my_app';","                    case 'npm_package_version':","                        return '0.0.1';","                    }","                });","        }","        // run the cli","        if (local.global.utility2_rollup || module !== require.main) {","            break;","        }","        local.assetsDict['/assets.example.js'] =","            local.assetsDict['/assets.example.js'] ||","            local.fs.readFileSync(__filename, 'utf8');","        local.assetsDict['/assets.npmtest_q_io.rollup.js'] =","            local.assetsDict['/assets.npmtest_q_io.rollup.js'] ||","            local.fs.readFileSync(","                // buildCustomOrg-hack","                local.npmtest_q_io.__dirname +","                    '/lib.npmtest_q_io.js',","                'utf8'","            ).replace((/^#!/), '//');","        local.assetsDict['/favicon.ico'] = local.assetsDict['/favicon.ico'] || '';","        // if $npm_config_timeout_exit exists,","        // then exit this process after $npm_config_timeout_exit ms","        if (Number(process.env.npm_config_timeout_exit)) {","            setTimeout(process.exit, Number(process.env.npm_config_timeout_exit));","        }","        // start server","        if (local.global.utility2_serverHttp1) {","            break;","        }","        process.env.PORT = process.env.PORT || '8081';","        console.error('server starting on port ' + process.env.PORT);","        local.http.createServer(function (request, response) {","            request.urlParsed = local.url.parse(request.url);","            if (local.assetsDict[request.urlParsed.pathname] !== undefined) {","                response.end(local.assetsDict[request.urlParsed.pathname]);","                return;","            }","            response.statusCode = 404;","            response.end();","        }).listen(process.env.PORT);","        break;","    }","}());",""],"l":{"26":2,"28":2,"33":2,"35":2,"37":2,"38":2,"39":2,"44":1,"51":2,"55":2,"59":2,"61":2,"69":1,"70":2,"76":2,"79":2,"82":2,"83":2,"85":1,"89":2,"92":1,"93":1,"94":1,"96":1,"97":1,"100":1,"101":1,"103":1,"106":1,"108":2,"114":1,"116":1,"118":1,"123":1,"124":2,"125":2,"126":2,"127":2,"128":2,"129":2,"130":1,"133":2,"134":2,"139":2,"143":1,"144":3,"145":1,"149":1,"150":1,"158":1,"160":1,"161":1,"162":1,"164":1,"166":1,"258":1,"259":1,"271":1,"274":6,"275":6,"277":1,"279":2,"281":1,"283":2,"288":1,"289":1,"291":1,"294":1,"302":1,"305":1,"306":1,"309":1,"310":1,"312":1,"313":1,"314":1,"315":1,"316":1,"317":1,"318":1,"320":1,"321":1,"323":1}},"/home/travis/build/npmtest/node-npmtest-q-io/node_modules/q-io/buffer-stream.js":{"path":"/home/travis/build/npmtest/node-npmtest-q-io/node_modules/q-io/buffer-stream.js","s":{"1":1,"2":1,"3":1,"4":1,"5":0,"6":0,"7":0,"8":0,"9":0,"10":0,"11":0,"12":0,"13":0,"14":0,"15":1,"16":0,"17":0,"18":0,"19":0,"20":1,"21":0,"22":0,"23":0,"24":0,"25":0,"26":1,"27":0,"28":0,"29":0,"30":0,"31":0,"32":0,"33":1,"34":0,"35":0,"36":1,"37":0,"38":0},"b":{"1":[0,0],"2":[0,0],"3":[0,0],"4":[0,0],"5":[0,0],"6":[0,0]},"f":{"1":0,"2":0,"3":0,"4":0,"5":0,"6":0,"7":0},"fnMap":{"1":{"name":"BufferStream","line":6,"loc":{"start":{"line":6,"column":0},"end":{"line":6,"column":39}}},"2":{"name":"(anonymous_2)","line":21,"loc":{"start":{"line":21,"column":33},"end":{"line":21,"column":57}}},"3":{"name":"(anonymous_3)","line":24,"loc":{"start":{"line":24,"column":19},"end":{"line":24,"column":31}}},"4":{"name":"(anonymous_4)","line":29,"loc":{"start":{"line":29,"column":30},"end":{"line":29,"column":42}}},"5":{"name":"(anonymous_5)","line":38,"loc":{"start":{"line":38,"column":31},"end":{"line":38,"column":48}}},"6":{"name":"(anonymous_6)","line":50,"loc":{"start":{"line":50,"column":31},"end":{"line":50,"column":43}}},"7":{"name":"(anonymous_7)","line":55,"loc":{"start":{"line":55,"column":33},"end":{"line":55,"column":45}}}},"statementMap":{"1":{"start":{"line":2,"column":0},"end":{"line":2,"column":21}},"2":{"start":{"line":3,"column":0},"end":{"line":3,"column":33}},"3":{"start":{"line":5,"column":0},"end":{"line":5,"column":30}},"4":{"start":{"line":6,"column":0},"end":{"line":19,"column":1}},"5":{"start":{"line":7,"column":4},"end":{"line":9,"column":5}},"6":{"start":{"line":8,"column":8},"end":{"line":8,"column":49}},"7":{"start":{"line":10,"column":4},"end":{"line":14,"column":5}},"8":{"start":{"line":11,"column":8},"end":{"line":11,"column":20}},"9":{"start":{"line":12,"column":11},"end":{"line":14,"column":5}},"10":{"start":{"line":13,"column":8},"end":{"line":13,"column":26}},"11":{"start":{"line":15,"column":4},"end":{"line":15,"column":28}},"12":{"start":{"line":16,"column":4},"end":{"line":16,"column":26}},"13":{"start":{"line":17,"column":4},"end":{"line":17,"column":28}},"14":{"start":{"line":18,"column":4},"end":{"line":18,"column":38}},"15":{"start":{"line":21,"column":0},"end":{"line":27,"column":2}},"16":{"start":{"line":22,"column":4},"end":{"line":22,"column":20}},"17":{"start":{"line":23,"column":4},"end":{"line":23,"column":30}},"18":{"start":{"line":24,"column":4},"end":{"line":26,"column":7}},"19":{"start":{"line":25,"column":8},"end":{"line":25,"column":62}},"20":{"start":{"line":29,"column":0},"end":{"line":36,"column":2}},"21":{"start":{"line":30,"column":4},"end":{"line":30,"column":15}},"22":{"start":{"line":31,"column":4},"end":{"line":31,"column":39}},"23":{"start":{"line":32,"column":4},"end":{"line":34,"column":5}},"24":{"start":{"line":33,"column":8},"end":{"line":33,"column":48}},"25":{"start":{"line":35,"column":4},"end":{"line":35,"column":29}},"26":{"start":{"line":38,"column":0},"end":{"line":48,"column":2}},"27":{"start":{"line":39,"column":4},"end":{"line":45,"column":5}},"28":{"start":{"line":40,"column":8},"end":{"line":40,"column":57}},"29":{"start":{"line":42,"column":8},"end":{"line":44,"column":9}},"30":{"start":{"line":43,"column":12},"end":{"line":43,"column":96}},"31":{"start":{"line":46,"column":4},"end":{"line":46,"column":29}},"32":{"start":{"line":47,"column":4},"end":{"line":47,"column":23}},"33":{"start":{"line":50,"column":0},"end":{"line":53,"column":2}},"34":{"start":{"line":51,"column":4},"end":{"line":51,"column":26}},"35":{"start":{"line":52,"column":4},"end":{"line":52,"column":23}},"36":{"start":{"line":55,"column":0},"end":{"line":58,"column":2}},"37":{"start":{"line":56,"column":4},"end":{"line":56,"column":26}},"38":{"start":{"line":57,"column":4},"end":{"line":57,"column":23}}},"branchMap":{"1":{"line":7,"type":"if","locations":[{"start":{"line":7,"column":4},"end":{"line":7,"column":4}},{"start":{"line":7,"column":4},"end":{"line":7,"column":4}}]},"2":{"line":10,"type":"if","locations":[{"start":{"line":10,"column":4},"end":{"line":10,"column":4}},{"start":{"line":10,"column":4},"end":{"line":10,"column":4}}]},"3":{"line":12,"type":"if","locations":[{"start":{"line":12,"column":11},"end":{"line":12,"column":11}},{"start":{"line":12,"column":11},"end":{"line":12,"column":11}}]},"4":{"line":32,"type":"if","locations":[{"start":{"line":32,"column":4},"end":{"line":32,"column":4}},{"start":{"line":32,"column":4},"end":{"line":32,"column":4}}]},"5":{"line":39,"type":"if","locations":[{"start":{"line":39,"column":4},"end":{"line":39,"column":4}},{"start":{"line":39,"column":4},"end":{"line":39,"column":4}}]},"6":{"line":42,"type":"if","locations":[{"start":{"line":42,"column":8},"end":{"line":42,"column":8}},{"start":{"line":42,"column":8},"end":{"line":42,"column":8}}]}},"code":["","var Q = require(\"q\");","var Reader = require(\"./reader\");","","module.exports = BufferStream;","function BufferStream(chunks, charset) {","    if (!(this instanceof BufferStream)) {","        return new BufferStream(chunks, charset);","    }","    if (!chunks) {","        chunks = [];","    } else if (!Array.isArray(chunks)) {","        chunks = [chunks];","    }","    this._charset = charset;","    this._chunks = chunks;","    this._close = Q.defer();","    this.closed = this._close.promise;","}","","BufferStream.prototype.forEach = function (write, thisp) {","    var self = this;","    var chunks = self._chunks;","    return Q.fcall(function () {","        chunks.splice(0, chunks.length).forEach(write, thisp);","    });","};","","BufferStream.prototype.read = function () {","    var result;","    result = Reader.join(this._chunks);","    if (this._charset) {","        result = result.toString(this._charset);","    }","    return Q.resolve(result);","};","","BufferStream.prototype.write = function (chunk) {","    if (this._charset) {","        chunk = new Buffer(String(chunk), this._charset);","    } else {","        if (!(chunk instanceof Buffer)) {","            throw new Error(\"Can't write strings to buffer stream without a charset: \" + chunk);","        }","    }","    this._chunks.push(chunk);","    return Q.resolve();","};","","BufferStream.prototype.close = function () {","    this._close.resolve();","    return Q.resolve();","};","","BufferStream.prototype.destroy = function () {","    this._close.resolve();","    return Q.resolve();","};","",""],"l":{"2":1,"3":1,"5":1,"6":1,"7":0,"8":0,"10":0,"11":0,"12":0,"13":0,"15":0,"16":0,"17":0,"18":0,"21":1,"22":0,"23":0,"24":0,"25":0,"29":1,"30":0,"31":0,"32":0,"33":0,"35":0,"38":1,"39":0,"40":0,"42":0,"43":0,"46":0,"47":0,"50":1,"51":0,"52":0,"55":1,"56":0,"57":0}},"/home/travis/build/npmtest/node-npmtest-q-io/node_modules/q-io/reader.js":{"path":"/home/travis/build/npmtest/node-npmtest-q-io/node_modules/q-io/reader.js","s":{"1":1,"2":1,"3":1,"4":0,"5":0,"6":0,"7":0,"8":0,"9":0,"10":0,"11":0,"12":0,"13":0,"14":0,"15":0,"16":0,"17":0,"18":0,"19":0,"20":0,"21":1,"22":0,"23":0,"24":0,"25":0,"26":0,"27":0,"28":0,"29":0,"30":0,"31":0,"32":0,"33":0,"34":0,"35":0,"36":0,"37":0,"38":0,"39":0,"40":0,"41":0,"42":0,"43":0,"44":1,"45":1,"46":0,"47":0,"48":0,"49":0,"50":0,"51":0,"52":1,"53":1,"54":0,"55":0,"56":0,"57":0,"58":0,"59":0,"60":0,"61":0,"62":0,"63":0,"64":0,"65":0,"66":0,"67":0,"68":0,"69":0,"70":0},"b":{"1":[0,0],"2":[0,0],"3":[0,0],"4":[0,0],"5":[0,0],"6":[0,0],"7":[0,0]},"f":{"1":0,"2":0,"3":0,"4":0,"5":0,"6":0,"7":0,"8":0,"9":0,"10":0,"11":0,"12":0,"13":0},"fnMap":{"1":{"name":"Reader","line":14,"loc":{"start":{"line":14,"column":0},"end":{"line":14,"column":34}}},"2":{"name":"(anonymous_2)","line":23,"loc":{"start":{"line":23,"column":24},"end":{"line":23,"column":42}}},"3":{"name":"(anonymous_3)","line":30,"loc":{"start":{"line":30,"column":22},"end":{"line":30,"column":34}}},"4":{"name":"(anonymous_4)","line":35,"loc":{"start":{"line":35,"column":23},"end":{"line":35,"column":40}}},"5":{"name":"slurp","line":44,"loc":{"start":{"line":44,"column":4},"end":{"line":44,"column":21}}},"6":{"name":"(anonymous_6)","line":60,"loc":{"start":{"line":60,"column":16},"end":{"line":60,"column":28}}},"7":{"name":"(anonymous_7)","line":63,"loc":{"start":{"line":63,"column":28},"end":{"line":63,"column":40}}},"8":{"name":"(anonymous_8)","line":77,"loc":{"start":{"line":77,"column":19},"end":{"line":77,"column":36}}},"9":{"name":"(anonymous_9)","line":81,"loc":{"start":{"line":81,"column":35},"end":{"line":81,"column":47}}},"10":{"name":"(anonymous_10)","line":86,"loc":{"start":{"line":86,"column":17},"end":{"line":86,"column":29}}},"11":{"name":"read","line":99,"loc":{"start":{"line":99,"column":0},"end":{"line":99,"column":31}}},"12":{"name":"(anonymous_12)","line":101,"loc":{"start":{"line":101,"column":19},"end":{"line":101,"column":36}}},"13":{"name":"join","line":112,"loc":{"start":{"line":112,"column":0},"end":{"line":112,"column":23}}}},"statementMap":{"1":{"start":{"line":2,"column":0},"end":{"line":2,"column":21}},"2":{"start":{"line":13,"column":0},"end":{"line":13,"column":24}},"3":{"start":{"line":14,"column":0},"end":{"line":93,"column":1}},"4":{"start":{"line":15,"column":4},"end":{"line":15,"column":47}},"5":{"start":{"line":17,"column":4},"end":{"line":18,"column":37}},"6":{"start":{"line":18,"column":8},"end":{"line":18,"column":37}},"7":{"start":{"line":20,"column":4},"end":{"line":20,"column":26}},"8":{"start":{"line":21,"column":4},"end":{"line":21,"column":24}},"9":{"start":{"line":23,"column":4},"end":{"line":25,"column":7}},"10":{"start":{"line":24,"column":8},"end":{"line":24,"column":29}},"11":{"start":{"line":27,"column":4},"end":{"line":27,"column":20}},"12":{"start":{"line":28,"column":4},"end":{"line":28,"column":17}},"13":{"start":{"line":30,"column":4},"end":{"line":33,"column":7}},"14":{"start":{"line":31,"column":8},"end":{"line":31,"column":28}},"15":{"start":{"line":32,"column":8},"end":{"line":32,"column":21}},"16":{"start":{"line":35,"column":4},"end":{"line":42,"column":7}},"17":{"start":{"line":36,"column":8},"end":{"line":36,"column":28}},"18":{"start":{"line":37,"column":8},"end":{"line":41,"column":9}},"19":{"start":{"line":38,"column":12},"end":{"line":38,"column":28}},"20":{"start":{"line":40,"column":12},"end":{"line":40,"column":31}},"21":{"start":{"line":44,"column":4},"end":{"line":53,"column":5}},"22":{"start":{"line":45,"column":8},"end":{"line":45,"column":19}},"23":{"start":{"line":46,"column":8},"end":{"line":50,"column":9}},"24":{"start":{"line":47,"column":12},"end":{"line":47,"column":37}},"25":{"start":{"line":49,"column":12},"end":{"line":49,"column":51}},"26":{"start":{"line":51,"column":8},"end":{"line":51,"column":40}},"27":{"start":{"line":52,"column":8},"end":{"line":52,"column":22}},"28":{"start":{"line":60,"column":4},"end":{"line":67,"column":6}},"29":{"start":{"line":61,"column":8},"end":{"line":61,"column":29}},"30":{"start":{"line":62,"column":8},"end":{"line":62,"column":33}},"31":{"start":{"line":63,"column":8},"end":{"line":65,"column":11}},"32":{"start":{"line":64,"column":12},"end":{"line":64,"column":38}},"33":{"start":{"line":66,"column":8},"end":{"line":66,"column":32}},"34":{"start":{"line":77,"column":4},"end":{"line":84,"column":6}},"35":{"start":{"line":78,"column":8},"end":{"line":79,"column":27}},"36":{"start":{"line":79,"column":12},"end":{"line":79,"column":27}},"37":{"start":{"line":80,"column":8},"end":{"line":80,"column":25}},"38":{"start":{"line":81,"column":8},"end":{"line":83,"column":11}},"39":{"start":{"line":82,"column":12},"end":{"line":82,"column":33}},"40":{"start":{"line":86,"column":4},"end":{"line":88,"column":6}},"41":{"start":{"line":87,"column":8},"end":{"line":87,"column":26}},"42":{"start":{"line":90,"column":4},"end":{"line":90,"column":24}},"43":{"start":{"line":92,"column":4},"end":{"line":92,"column":25}},"44":{"start":{"line":98,"column":0},"end":{"line":98,"column":19}},"45":{"start":{"line":99,"column":0},"end":{"line":109,"column":1}},"46":{"start":{"line":100,"column":4},"end":{"line":100,"column":20}},"47":{"start":{"line":101,"column":4},"end":{"line":103,"column":7}},"48":{"start":{"line":102,"column":8},"end":{"line":102,"column":27}},"49":{"start":{"line":104,"column":4},"end":{"line":108,"column":5}},"50":{"start":{"line":105,"column":8},"end":{"line":105,"column":31}},"51":{"start":{"line":107,"column":8},"end":{"line":107,"column":28}},"52":{"start":{"line":111,"column":0},"end":{"line":111,"column":19}},"53":{"start":{"line":112,"column":0},"end":{"line":132,"column":1}},"54":{"start":{"line":113,"column":4},"end":{"line":113,"column":19}},"55":{"start":{"line":114,"column":4},"end":{"line":114,"column":11}},"56":{"start":{"line":115,"column":4},"end":{"line":115,"column":10}},"57":{"start":{"line":116,"column":4},"end":{"line":116,"column":28}},"58":{"start":{"line":117,"column":4},"end":{"line":117,"column":15}},"59":{"start":{"line":118,"column":4},"end":{"line":118,"column":15}},"60":{"start":{"line":119,"column":4},"end":{"line":122,"column":5}},"61":{"start":{"line":120,"column":8},"end":{"line":120,"column":28}},"62":{"start":{"line":121,"column":8},"end":{"line":121,"column":32}},"63":{"start":{"line":123,"column":4},"end":{"line":123,"column":32}},"64":{"start":{"line":124,"column":4},"end":{"line":124,"column":11}},"65":{"start":{"line":125,"column":4},"end":{"line":129,"column":5}},"66":{"start":{"line":126,"column":8},"end":{"line":126,"column":28}},"67":{"start":{"line":127,"column":8},"end":{"line":127,"column":35}},"68":{"start":{"line":128,"column":8},"end":{"line":128,"column":28}},"69":{"start":{"line":130,"column":4},"end":{"line":130,"column":34}},"70":{"start":{"line":131,"column":4},"end":{"line":131,"column":18}}},"branchMap":{"1":{"line":17,"type":"if","locations":[{"start":{"line":17,"column":4},"end":{"line":17,"column":4}},{"start":{"line":17,"column":4},"end":{"line":17,"column":4}}]},"2":{"line":17,"type":"binary-expr","locations":[{"start":{"line":17,"column":8},"end":{"line":17,"column":15}},{"start":{"line":17,"column":19},"end":{"line":17,"column":38}}]},"3":{"line":37,"type":"if","locations":[{"start":{"line":37,"column":8},"end":{"line":37,"column":8}},{"start":{"line":37,"column":8},"end":{"line":37,"column":8}}]},"4":{"line":46,"type":"if","locations":[{"start":{"line":46,"column":8},"end":{"line":46,"column":8}},{"start":{"line":46,"column":8},"end":{"line":46,"column":8}}]},"5":{"line":78,"type":"if","locations":[{"start":{"line":78,"column":8},"end":{"line":78,"column":8}},{"start":{"line":78,"column":8},"end":{"line":78,"column":8}}]},"6":{"line":78,"type":"binary-expr","locations":[{"start":{"line":78,"column":12},"end":{"line":78,"column":18}},{"start":{"line":78,"column":22},"end":{"line":78,"column":35}}]},"7":{"line":104,"type":"if","locations":[{"start":{"line":104,"column":4},"end":{"line":104,"column":4}},{"start":{"line":104,"column":4},"end":{"line":104,"column":4}}]}},"code":["","var Q = require(\"q\");","","/**"," * Wraps a Node readable stream, providing an API similar"," * to a Narwhal synchronous `io` stream except returning"," * Q promises for long latency operations."," * @param stream any Node readable stream"," * @returns {Promise * Reader} a promise for"," * the text stream reader."," * @constructor"," */","module.exports = Reader;","function Reader(_stream, charset) {","    var self = Object.create(Reader.prototype);","","    if (charset && _stream.setEncoding) // TODO complain about inconsistency","        _stream.setEncoding(charset);","","    var begin = Q.defer();","    var end = Q.defer();","","    _stream.on(\"error\", function (reason) {","        begin.reject(reason);","    });","","    var chunks = [];","    var receiver;","","    _stream.on(\"end\", function () {","        begin.resolve(self);","        end.resolve()","    });","","    _stream.on(\"data\", function (chunk) {","        begin.resolve(self);","        if (receiver) {","            receiver(chunk);","        } else {","            chunks.push(chunk);","        }","    });","","    function slurp() {","        var result;","        if (charset) {","            result = chunks.join(\"\");","        } else {","            result = self.constructor.join(chunks);","        }","        chunks.splice(0, chunks.length);","        return result;","    }","","    /***","     * Reads all of the remaining data from the stream.","     * @returns {Promise * String} a promise for a String","     * containing the entirety the remaining stream.","     */","    self.read = function () {","        receiver = undefined;","        var deferred = Q.defer();","        Q.done(end.promise, function () {","            deferred.resolve(slurp());","        });","        return deferred.promise;","    };","","    /***","     * Reads and writes all of the remaining data from the","     * stream in chunks.","     * @param {Function(Promise * String)} write a function","     * to be called on each chunk of input from this stream.","     * @returns {Promise * Undefined} a promise that will","     * be resolved when the input is depleted.","     */","    self.forEach = function (write) {","        if (chunks && chunks.length)","            write(slurp());","        receiver = write;","        return Q.when(end.promise, function () {","            receiver = undefined;","        });","    };","","    self.close = function () {","        _stream.destroy();","    };","","    self.node = _stream;","","    return begin.promise;","}","","/*","    Reads an entire forEachable stream of buffers and returns a single buffer.","*/","Reader.read = read;","function read(stream, charset) {","    var chunks = [];","    stream.forEach(function (chunk) {","        chunks.push(chunk);","    });","    if (charset) {","        return chunks.join(\"\");","    } else {","        return join(chunks);","    }","}","","Reader.join = join;","function join(buffers) {","    var length = 0;","    var at;","    var i;","    var ii = buffers.length;","    var buffer;","    var result;","    for (i = 0; i < ii; i++) {","        buffer = buffers[i];","        length += buffer.length;","    }","    result = new Buffer(length);","    at = 0;","    for (i = 0; i < ii; i++) {","        buffer = buffers[i];","        buffer.copy(result, at, 0);","        at += buffer.length;","    }","    buffers.splice(0, ii, result);","    return result;","}","",""],"l":{"2":1,"13":1,"14":1,"15":0,"17":0,"18":0,"20":0,"21":0,"23":0,"24":0,"27":0,"28":0,"30":0,"31":0,"32":0,"35":0,"36":0,"37":0,"38":0,"40":0,"44":1,"45":0,"46":0,"47":0,"49":0,"51":0,"52":0,"60":0,"61":0,"62":0,"63":0,"64":0,"66":0,"77":0,"78":0,"79":0,"80":0,"81":0,"82":0,"86":0,"87":0,"90":0,"92":0,"98":1,"99":1,"100":0,"101":0,"102":0,"104":0,"105":0,"107":0,"111":1,"112":1,"113":0,"114":0,"115":0,"116":0,"117":0,"118":0,"119":0,"120":0,"121":0,"123":0,"124":0,"125":0,"126":0,"127":0,"128":0,"130":0,"131":0}},"/home/travis/build/npmtest/node-npmtest-q-io/node_modules/q-io/deprecate.js":{"path":"/home/travis/build/npmtest/node-npmtest-q-io/node_modules/q-io/deprecate.js","s":{"1":1,"2":0,"3":0,"4":0,"5":0,"6":0,"7":0,"8":0,"9":0,"10":0,"11":0,"12":1,"13":0,"14":0,"15":0,"16":0,"17":0},"b":{"1":[0,0],"2":[0,0],"3":[0,0],"4":[0,0],"5":[0,0],"6":[0,0],"7":[0,0]},"f":{"1":0,"2":0,"3":0},"fnMap":{"1":{"name":"deprecationWarning","line":13,"loc":{"start":{"line":13,"column":29},"end":{"line":13,"column":93}}},"2":{"name":"deprecate","line":43,"loc":{"start":{"line":43,"column":26},"end":{"line":43,"column":91}}},"3":{"name":"(anonymous_3)","line":44,"loc":{"start":{"line":44,"column":29},"end":{"line":44,"column":41}}}},"statementMap":{"1":{"start":{"line":13,"column":0},"end":{"line":30,"column":1}},"2":{"start":{"line":14,"column":4},"end":{"line":17,"column":5}},"3":{"start":{"line":15,"column":8},"end":{"line":15,"column":42}},"4":{"start":{"line":16,"column":8},"end":{"line":16,"column":48}},"5":{"start":{"line":18,"column":4},"end":{"line":26,"column":5}},"6":{"start":{"line":19,"column":8},"end":{"line":19,"column":66}},"7":{"start":{"line":20,"column":8},"end":{"line":25,"column":9}},"8":{"start":{"line":21,"column":12},"end":{"line":21,"column":91}},"9":{"start":{"line":24,"column":12},"end":{"line":24,"column":38}},"10":{"start":{"line":27,"column":4},"end":{"line":29,"column":5}},"11":{"start":{"line":28,"column":8},"end":{"line":28,"column":38}},"12":{"start":{"line":43,"column":0},"end":{"line":51,"column":1}},"13":{"start":{"line":44,"column":4},"end":{"line":48,"column":6}},"14":{"start":{"line":46,"column":8},"end":{"line":46,"column":49}},"15":{"start":{"line":47,"column":8},"end":{"line":47,"column":73}},"16":{"start":{"line":49,"column":4},"end":{"line":49,"column":63}},"17":{"start":{"line":50,"column":4},"end":{"line":50,"column":30}}},"branchMap":{"1":{"line":14,"type":"if","locations":[{"start":{"line":14,"column":4},"end":{"line":14,"column":4}},{"start":{"line":14,"column":4},"end":{"line":14,"column":4}}]},"2":{"line":18,"type":"if","locations":[{"start":{"line":18,"column":4},"end":{"line":18,"column":4}},{"start":{"line":18,"column":4},"end":{"line":18,"column":4}}]},"3":{"line":18,"type":"binary-expr","locations":[{"start":{"line":18,"column":8},"end":{"line":18,"column":38}},{"start":{"line":18,"column":42},"end":{"line":18,"column":76}}]},"4":{"line":19,"type":"cond-expr","locations":[{"start":{"line":19,"column":39},"end":{"line":19,"column":58}},{"start":{"line":19,"column":61},"end":{"line":19,"column":63}}]},"5":{"line":20,"type":"if","locations":[{"start":{"line":20,"column":8},"end":{"line":20,"column":8}},{"start":{"line":20,"column":8},"end":{"line":20,"column":8}}]},"6":{"line":27,"type":"if","locations":[{"start":{"line":27,"column":4},"end":{"line":27,"column":4}},{"start":{"line":27,"column":4},"end":{"line":27,"column":4}}]},"7":{"line":47,"type":"cond-expr","locations":[{"start":{"line":47,"column":48},"end":{"line":47,"column":53}},{"start":{"line":47,"column":56},"end":{"line":47,"column":60}}]}},"code":["/**"," * @module deprecate"," */","","/**"," * Prints out a deprecation warning to the console.warn with the format:"," * `name` is deprecated, use `alternative` instead."," * It can also print out a stack trace with the line numbers."," * @param {String} name - Name of the thing that is deprecated."," * @param {String} alternative - Name of alternative that should be used instead."," * @param {Number} [stackTraceLimit] - depth of the stack trace to print out. Set to falsy value to disable stack."," */","exports.deprecationWarning = function deprecationWarning(name, alternative, stackTraceLimit) {","    if (stackTraceLimit) {","        var depth = Error.stackTraceLimit;","        Error.stackTraceLimit = stackTraceLimit;","    }","    if (typeof console !== \"undefined\" && typeof console.warn === \"function\") {","        var stack = (stackTraceLimit ? new Error(\"\").stack : \"\") ;","        if(alternative) {","            console.warn(name + \" is deprecated, use \" + alternative + \" instead.\", stack);","        } else {","            //name is a complete message","            console.warn(name, stack);","        }","    }","    if (stackTraceLimit) {","        Error.stackTraceLimit = depth;","    }","}","","/**"," * Provides a function that can replace a method that has been deprecated."," * Prints out a deprecation warning to the console.warn with the format:"," * `name` is deprecated, use `alternative` instead."," * It will also print out a stack trace with the line numbers."," * @param {Object} scope - The object that will be used as the `this` when the `deprecatedFunction` is applied."," * @param {Function} deprecatedFunction - The function object that is deprecated."," * @param {String} name - Name of the method that is deprecated."," * @param {String} alternative - Name of alternative method that should be used instead."," * @returns {Function} deprecationWrapper"," */","exports.deprecateMethod = function deprecate(scope, deprecatedFunction, name, alternative) {","    var deprecationWrapper = function () {","        // stackTraceLimit = 3 // deprecationWarning + deprecate + caller of the deprecated method","        deprecationWarning(name, alternative, 3);","        return deprecatedFunction.apply(scope ? scope : this, arguments);","    };","    deprecationWrapper.deprecatedFunction = deprecatedFunction;","    return deprecationWrapper;","}",""],"l":{"13":1,"14":0,"15":0,"16":0,"18":0,"19":0,"20":0,"21":0,"24":0,"27":0,"28":0,"43":1,"44":0,"46":0,"47":0,"49":0,"50":0}},"/home/travis/build/npmtest/node-npmtest-q-io/node_modules/q-io/fs-boot.js":{"path":"/home/travis/build/npmtest/node-npmtest-q-io/node_modules/q-io/fs-boot.js","s":{"1":1,"2":1,"3":0,"4":1,"5":1,"6":1,"7":0,"8":1,"9":1,"10":1,"11":0,"12":0,"13":0,"14":0,"15":0,"16":1,"17":0,"18":0,"19":0,"20":0,"21":0,"22":0,"23":0,"24":1,"25":0,"26":0,"27":0,"28":1,"29":0,"30":0,"31":0,"32":0,"33":0,"34":0,"35":0,"36":0,"37":0,"38":0,"39":0,"40":0,"41":0,"42":0,"43":0,"44":0,"45":0,"46":0,"47":0,"48":0,"49":0,"50":0,"51":0,"52":0,"53":0,"54":0,"55":0,"56":0,"57":0,"58":0,"59":1,"60":0,"61":0,"62":0,"63":0,"64":0,"65":0,"66":0,"67":0,"68":0,"69":0,"70":0,"71":0,"72":0,"73":0,"74":0,"75":0,"76":0,"77":0,"78":0,"79":0,"80":0,"81":0,"82":0,"83":1,"84":0,"85":0,"86":0,"87":0,"88":1,"89":0,"90":1,"91":0,"92":0,"93":0,"94":1,"95":0,"96":0,"97":0,"98":0,"99":1,"100":0,"101":0,"102":0,"103":0,"104":0,"105":0,"106":0,"107":0,"108":0,"109":1,"110":0,"111":0,"112":0,"113":0,"114":1,"115":0,"116":0,"117":0,"118":0},"b":{"1":[1,0],"2":[0,0],"3":[0,1],"4":[0,0],"5":[0,0],"6":[0,0],"7":[0,0],"8":[0,0],"9":[0,0],"10":[0,0],"11":[0,0],"12":[0,0],"13":[0,0],"14":[0,0],"15":[0,0],"16":[0,0],"17":[0,0],"18":[0,0],"19":[0,0],"20":[0,0],"21":[0,0],"22":[0,0],"23":[0,0],"24":[0,0],"25":[0,0],"26":[0,0],"27":[0,0],"28":[0,0],"29":[0,0],"30":[0,0],"31":[0,0],"32":[0,0],"33":[0,0],"34":[0,0],"35":[0,0],"36":[0,0],"37":[0,0],"38":[1,0]},"f":{"1":1,"2":0,"3":0,"4":0,"5":0,"6":0,"7":0,"8":0,"9":0,"10":0,"11":0,"12":0,"13":0,"14":0},"fnMap":{"1":{"name":"(anonymous_1)","line":1,"loc":{"start":{"line":1,"column":1},"end":{"line":1,"column":20}}},"2":{"name":"(anonymous_2)","line":18,"loc":{"start":{"line":18,"column":19},"end":{"line":18,"column":34}}},"3":{"name":"(anonymous_3)","line":55,"loc":{"start":{"line":55,"column":24},"end":{"line":55,"column":36}}},"4":{"name":"(anonymous_4)","line":77,"loc":{"start":{"line":77,"column":16},"end":{"line":77,"column":32}}},"5":{"name":"(anonymous_5)","line":102,"loc":{"start":{"line":102,"column":15},"end":{"line":102,"column":27}}},"6":{"name":"(anonymous_6)","line":118,"loc":{"start":{"line":118,"column":18},"end":{"line":118,"column":30}}},"7":{"name":"(anonymous_7)","line":167,"loc":{"start":{"line":167,"column":17},"end":{"line":167,"column":29}}},"8":{"name":"(anonymous_8)","line":207,"loc":{"start":{"line":207,"column":21},"end":{"line":207,"column":37}}},"9":{"name":"(anonymous_9)","line":226,"loc":{"start":{"line":226,"column":21},"end":{"line":226,"column":37}}},"10":{"name":"(anonymous_10)","line":235,"loc":{"start":{"line":235,"column":17},"end":{"line":235,"column":34}}},"11":{"name":"(anonymous_11)","line":247,"loc":{"start":{"line":247,"column":15},"end":{"line":247,"column":31}}},"12":{"name":"(anonymous_12)","line":257,"loc":{"start":{"line":257,"column":20},"end":{"line":257,"column":36}}},"13":{"name":"(anonymous_13)","line":286,"loc":{"start":{"line":286,"column":15},"end":{"line":286,"column":42}}},"14":{"name":"(anonymous_14)","line":300,"loc":{"start":{"line":300,"column":20},"end":{"line":300,"column":36}}}},"statementMap":{"1":{"start":{"line":1,"column":0},"end":{"line":307,"column":60}},"2":{"start":{"line":18,"column":0},"end":{"line":20,"column":2}},"3":{"start":{"line":19,"column":4},"end":{"line":19,"column":59}},"4":{"start":{"line":22,"column":0},"end":{"line":22,"column":27}},"5":{"start":{"line":42,"column":0},"end":{"line":42,"column":90}},"6":{"start":{"line":43,"column":0},"end":{"line":47,"column":1}},"7":{"start":{"line":44,"column":4},"end":{"line":44,"column":32}},"8":{"start":{"line":46,"column":4},"end":{"line":46,"column":38}},"9":{"start":{"line":51,"column":0},"end":{"line":51,"column":59}},"10":{"start":{"line":55,"column":0},"end":{"line":68,"column":1}},"11":{"start":{"line":56,"column":4},"end":{"line":66,"column":5}},"12":{"start":{"line":60,"column":8},"end":{"line":60,"column":44}},"13":{"start":{"line":61,"column":8},"end":{"line":61,"column":51}},"14":{"start":{"line":62,"column":8},"end":{"line":65,"column":18}},"15":{"start":{"line":67,"column":4},"end":{"line":67,"column":29}},"16":{"start":{"line":77,"column":0},"end":{"line":92,"column":2}},"17":{"start":{"line":78,"column":4},"end":{"line":78,"column":14}},"18":{"start":{"line":79,"column":4},"end":{"line":83,"column":5}},"19":{"start":{"line":80,"column":8},"end":{"line":80,"column":60}},"20":{"start":{"line":82,"column":8},"end":{"line":82,"column":87}},"21":{"start":{"line":87,"column":4},"end":{"line":88,"column":18}},"22":{"start":{"line":88,"column":8},"end":{"line":88,"column":18}},"23":{"start":{"line":91,"column":4},"end":{"line":91,"column":17}},"24":{"start":{"line":102,"column":0},"end":{"line":106,"column":2}},"25":{"start":{"line":103,"column":4},"end":{"line":104,"column":59}},"26":{"start":{"line":104,"column":8},"end":{"line":104,"column":59}},"27":{"start":{"line":105,"column":4},"end":{"line":105,"column":52}},"28":{"start":{"line":118,"column":0},"end":{"line":158,"column":2}},"29":{"start":{"line":119,"column":4},"end":{"line":119,"column":18}},"30":{"start":{"line":120,"column":4},"end":{"line":120,"column":21}},"31":{"start":{"line":121,"column":4},"end":{"line":121,"column":22}},"32":{"start":{"line":122,"column":4},"end":{"line":122,"column":18}},"33":{"start":{"line":123,"column":4},"end":{"line":154,"column":5}},"34":{"start":{"line":124,"column":8},"end":{"line":124,"column":40}},"35":{"start":{"line":125,"column":8},"end":{"line":126,"column":21}},"36":{"start":{"line":126,"column":12},"end":{"line":126,"column":21}},"37":{"start":{"line":127,"column":8},"end":{"line":127,"column":56}},"38":{"start":{"line":128,"column":8},"end":{"line":132,"column":9}},"39":{"start":{"line":129,"column":12},"end":{"line":129,"column":53}},"40":{"start":{"line":130,"column":12},"end":{"line":130,"column":25}},"41":{"start":{"line":131,"column":12},"end":{"line":131,"column":26}},"42":{"start":{"line":133,"column":8},"end":{"line":133,"column":27}},"43":{"start":{"line":134,"column":8},"end":{"line":137,"column":9}},"44":{"start":{"line":135,"column":12},"end":{"line":135,"column":29}},"45":{"start":{"line":136,"column":12},"end":{"line":136,"column":22}},"46":{"start":{"line":138,"column":8},"end":{"line":153,"column":9}},"47":{"start":{"line":139,"column":12},"end":{"line":139,"column":32}},"4
[...]
tart":{"line":186,"column":8},"end":{"line":186,"column":8}}]},"32":{"line":219,"type":"binary-expr","locations":[{"start":{"line":219,"column":20},"end":{"line":219,"column":33}},{"start":{"line":219,"column":37},"end":{"line":219,"column":58}}]},"33":{"line":221,"type":"if","locations":[{"start":{"line":221,"column":8},"end":{"line":221,"column":8}},{"start":{"line":221,"column":8},"end":{"line":221,"column":8}}]},"34":{"line":227,"type":"if","locations":[{"start":{"line":227,"column":12},"end":{"line":227,"column":12}},{"start":{"line":227,"column":12},"end":{"line":227,"column":12}}]},"35":{"line":239,"type":"if","locations":[{"start":{"line":239,"column":4},"end":{"line":239,"column":4}},{"start":{"line":239,"column":4},"end":{"line":239,"column":4}}]},"36":{"line":245,"type":"if","locations":[{"start":{"line":245,"column":4},"end":{"line":245,"column":4}},{"start":{"line":245,"column":4},"end":{"line":245,"column":4}}]},"37":{"line":248,"type":"if","locations":[{"start":{"line":248,"column":4},"end":{"line":248,"column":4}},{"start":{"line":248,"column":4},"end":{"line":248,"column":4}}]},"38":{"line":251,"type":"binary-expr","locations":[{"start":{"line":251,"column":25},"end":{"line":251,"column":65}},{"start":{"line":251,"column":69},"end":{"line":253,"column":5}}]},"39":{"line":272,"type":"if","locations":[{"start":{"line":272,"column":24},"end":{"line":272,"column":24}},{"start":{"line":272,"column":24},"end":{"line":272,"column":24}}]},"40":{"line":297,"type":"if","locations":[{"start":{"line":297,"column":24},"end":{"line":297,"column":24}},{"start":{"line":297,"column":24},"end":{"line":297,"column":24}}]},"41":{"line":322,"type":"if","locations":[{"start":{"line":322,"column":24},"end":{"line":322,"column":24}},{"start":{"line":322,"column":24},"end":{"line":322,"column":24}}]},"42":{"line":346,"type":"if","locations":[{"start":{"line":346,"column":4},"end":{"line":346,"column":4}},{"start":{"line":346,"column":4},"end":{"line":346,"column":4}}]},"43":{"line":356,"type":"if","locations":[{"start":{"line":356,"column":16},"end":{"line":356,"column":16}},{"start":{"line":356,"column":16},"end":{"line":356,"column":16}}]},"44":{"line":360,"type":"if","locations":[{"start":{"line":360,"column":23},"end":{"line":360,"column":23}},{"start":{"line":360,"column":23},"end":{"line":360,"column":23}}]},"45":{"line":374,"type":"if","locations":[{"start":{"line":374,"column":12},"end":{"line":374,"column":12}},{"start":{"line":374,"column":12},"end":{"line":374,"column":12}}]},"46":{"line":383,"type":"binary-expr","locations":[{"start":{"line":383,"column":16},"end":{"line":383,"column":25}},{"start":{"line":383,"column":29},"end":{"line":383,"column":41}}]},"47":{"line":389,"type":"if","locations":[{"start":{"line":389,"column":8},"end":{"line":389,"column":8}},{"start":{"line":389,"column":8},"end":{"line":389,"column":8}}]},"48":{"line":394,"type":"if","locations":[{"start":{"line":394,"column":16},"end":{"line":394,"column":16}},{"start":{"line":394,"column":16},"end":{"line":394,"column":16}}]},"49":{"line":395,"type":"if","locations":[{"start":{"line":395,"column":20},"end":{"line":395,"column":20}},{"start":{"line":395,"column":20},"end":{"line":395,"column":20}}]},"50":{"line":401,"type":"if","locations":[{"start":{"line":401,"column":28},"end":{"line":401,"column":28}},{"start":{"line":401,"column":28},"end":{"line":401,"column":28}}]}},"code":["","var Q = require(\"q\");","var URL = require(\"url2\");","var MimeTypes = require(\"mime\");","var FS = require(\"../fs\");","var StatusApps = require(\"./status\");","var RedirectApps = require(\"./redirect\");","var Negotiation = require(\"./negotiate\");","var HtmlApps = require(\"./html\");","var Deprecate = require(\"../deprecate\");","","/**"," * @param {String} path"," * @param {String} contentType"," * @returns {App}"," */","exports.File = function (path, contentType) {","    return function (request, response) {","        return exports.file(request, String(path), contentType);","    };","};","","/**"," * @param {String} path"," * @param {{","       notFound,","       file,","       directory,","       contentType,","       redirectSymbolicLinks:Boolean,","       redirect:Function(location),","       permanent:Boolean"," * }} options"," * @returns {App}"," */","exports.FileTree = function (root, options) {","    if (!options)","        options = {};","    options.notFound = options.notFound || StatusApps.notFound;","    options.file = options.file || exports.file;","    options.directory = options.directory || exports.directory;","    options.fs = options.fs || FS;","    var fs = options.fs;","    root = fs.canonical(root);","    return function (request, response) {","        var location = URL.parse(request.url);","        request.fs = fs;","        var redirect = options.redirect || (","            request.permanent || options.permanent ?","            RedirectApps.permanentRedirect :","            RedirectApps.temporaryRedirect","        );","        return Q.when(root, function (root) {","            var path = fs.join(root, request.pathInfo.slice(1));","            return Q.when(fs.canonical(path), function (canonical) {","                //TODO remove for 2.0.0","                if (options.followInsecureSymlinks) {","                    Deprecate.deprecationWarning(\"followInsecureSymlinks\", \"followInsecureSymbolicLinks\");","                    options.followInsecureSymbolicLinks = true;","                }","                if (!fs.contains(root, canonical) && !options.followInsecureSymbolicLinks)","                    return options.notFound(request, response);","                if (path !== canonical && options.redirectSymbolicLinks)","                    return redirect(request, fs.relativeFromFile(path, canonical));","                // TODO: relativeFromFile should be designed for URL’s, not generalized paths.","                // HTTP.relative(pathToDirectoryLocation(path), pathToFile/DirectoryLocation(canonical))","                return Q.when(fs.stat(canonical), function (stat) {","                    if (stat.isFile()) {","                        return options.file(request, canonical, options.contentType, fs);","                    } else if (stat.isDirectory()) {","                        return options.directory(request, canonical, options.contentType, fs);","                    } else {","                        return options.notFound(request, response);","                    }","                });","            }, function (reason) {","                return options.notFound(request, response);","            });","        });","    };","};","","exports.file = function (request, path, contentType, fs) {","    fs = fs || FS;","    // TODO last-modified header","    contentType = contentType || MimeTypes.lookup(path);","    return Q.when(fs.stat(path), function (stat) {","        var etag = exports.etag(stat);","        var options = {","            flags: \"rb\"","        };","        var range;","        var status = 200;","        var headers = {","            \"content-type\": contentType,","            etag: etag","        };","","        // Partial range requests","        if (\"range\" in request.headers) {","            // Invalid cache","            if (","                \"if-range\" in request.headers &&","                etag != request.headers[\"if-range\"]","            ) {","                // Normal 200 for entire, altered content","            } else {","                // Truncate to the first requested continuous range","                range = interpretFirstRange(request.headers[\"range\"], stat.size);","                // Like Apache, ignore the range header if it is invalid","                if (range) {","                    if (range.end > stat.size) {","                        range.end = stat.size;","                    }","                    if (range.end <= range.begin) {","                        return StatusApps.responseForStatus(request, 416); // not satisfiable","                    }","                    status = 206; // partial content","                    headers[\"content-range\"] = (","                        \"bytes \" +","                        range.begin + \"-\" + (range.end - 1) +","                        \"/\" + stat.size","                    );","                    headers[\"content-length\"] = \"\" + (range.end - range.begin);","                    options.begin = range.begin;","                    options.end = range.end;","                } else {","                    return StatusApps.responseForStatus(request, 416); // not satisfiable","                }","            }","        // Full requests","        } else {","            // Cached","            // We do not use date-based caching","            // TODO consider if-match?","            if (etag == request.headers[\"if-none-match\"])","                return StatusApps.responseForStatus(request, 304);","            headers[\"content-length\"] = \"\" + stat.size;","        }","","        // TODO sendfile","        return {","            status: status,","            headers: headers,","            body: fs.open(path, options),","            file: path,","            range: range","        };","    });","};","","var rangesExpression = /^\\s*bytes\\s*=\\s*(\\d*\\s*-\\s*\\d*\\s*(?:,\\s*\\d*\\s*-\\s*\\d*\\s*)*)$/;","var rangeExpression = /^\\s*(\\d*)\\s*-\\s*(\\d*)\\s*$/;","","var interpretRange = function (text, size) {","    var match = rangeExpression.exec(text);","    if (!match)","        return;","    if (match[1] == \"\" && match[2] == \"\")","        return;","    var begin, end;","    if (match[1] == \"\") {","        begin = 0;","        end = +match[2] + 1;","    } else if (match[2] == \"\") {","        begin = +match[1];","        end = size;","    } else {","        begin = +match[1];","        end = +match[2] + 1;","    }","    return {","        begin: begin,","        end: end","    };","};","","var interpretFirstRange = exports.interpretFirstRange = function (text, size) {","    var match = rangesExpression.exec(text);","    if (!match)","        return;","    var texts = match[1].split(/\\s*,\\s*/);","    var range = interpretRange(texts[0], size);","    for (var i = 0, ii = texts.length; i < ii; i++) {","        var next = interpretRange(texts[i], size);","        if (next.begin <= range.end) {","            range.end = next.end;","        } else {","            return; // Can't satisfy non-contiguous ranges TODO","        }","    }","    return range;","};","","/**"," * @param {Stat}"," * @returns {String}"," */","exports.etag = function (stat) {","    return [","        stat.node.ino,","        stat.size,","        stat.lastModified().getTime()","    ].join(\"-\");","};","","/**"," * @param {Request} request"," * @param {String} path"," * @param {Response}"," */","exports.directory = function (request, path) {","    var response = StatusApps.notFound(request);","    response.directory = path;","    return response;","};","","exports.ListDirectories = function (app, listDirectory) {","    listDirectory = listDirectory || exports.listDirectory;","    return function (request) {","        if (request.directoryIndex) {","            throw new Error(\"DirectoryIndex must be used after ListDirectories\");","        }","        request.listDirectories = true;","        return Q.fcall(app, request)","        .then(function (response) {","            if (response.directory !== void 0) {","                return listDirectory(request, response);","            } else {","                return response;","            }","        });","    };","};","","exports.listDirectory = function (request, response) {","    // TODO advisory to have JSON or HTML fragment handler.","    request.location = URL.parse(request.path);","    if (request.location.file) {","        return RedirectApps.redirect(request, request.location.file + \"/\");","    }","    var handlers = {};","    handlers[\"text/plain\"] = exports.listDirectoryText;","    handlers[\"text/markdown\"] = exports.listDirectoryMarkdown;","    if (request.handleHtmlFragmentResponse) {","        handlers[\"text/html\"] = exports.listDirectoryHtmlFragment;","    }","    if (request.handleJsonResponse) {","        handlers[\"application/json\"] = exports.listDirectoryJson;","    }","    var handleResponse = Negotiation.negotiate(request, handlers) || function () {","        return response;","    };","    return handleResponse(request, response);","};","","exports.listDirectoryHtmlFragment = function (request, response) {","    return exports.listDirectoryData(request, response)","    .then(function (data) {","        return {","            status: 200,","            headers: {","                \"content-type\": \"text/html\"","            },","            htmlTitle: \"Directory Index\",","            htmlFragment: {","                forEach: function (write) {","                    write(\"<ul class=\\\"directory-index\\\">\\n\");","                    Object.keys(data).sort().forEach(function (name) {","                        var stat = data[name];","                        var suffix = \"\";","                        if (stat.type === \"directory\") {","                            suffix = \"/\";","                        }","                        write(\"    <li class=\\\"entry \" + stat.type + \"\\\"><a href=\\\"\" + HtmlApps.escapeHtml(name + suffix) + \"\\\">\" + HtmlApps.escapeHtml(name + suffix) + \"</a></li>\\n\");","                    });","                    write(\"</ul>\\n\");","                }","            }","        };","    });","};","","exports.listDirectoryText = function (request, response) {","    return exports.listDirectoryData(request, response)","    .then(function (data) {","        return {","            status: 200,","            headers: {","                \"content-type\": \"text/plain\"","            },","            body: {","                forEach: function (write) {","                    Object.keys(data).sort().forEach(function (name) {","                        var stat = data[name];","                        var suffix = \"\";","                        if (stat.type === \"directory\") {","                            suffix = \"/\";","                        }","                        write(name + suffix + \"\\n\");","                    });","                }","            }","        };","    });","};","","exports.listDirectoryMarkdown = function (request, response) {","    return exports.listDirectoryData(request, response)","    .then(function (data) {","        return {","            status: 200,","            headers: {","                \"content-type\": \"text/plain\"","            },","            body: {","                forEach: function (write) {","                    write(\"\\n# Directory Index\\n\\n\");","                    Object.keys(data).forEach(function (name) {","                        var stat = data[name];","                        var suffix = \"\";","                        if (stat.type === \"directory\") {","                            suffix = \"/\";","                        }","                        write(\"-   \" + name + suffix + \"\\n\");","                    });","                    write(\"\\n\");","                }","            }","        };","    });","};","","exports.listDirectoryJson = function (request, response) {","    return exports.listDirectoryData(request, response)","    .then(function (data) {","        return {","            status: 200,","            headers: {},","            data: data","        };","    });","};","","exports.listDirectoryData = function (request, response) {","    if (!request.fs) {","        throw new Error(\"Can't list a directory without a designated file system\");","    }","    var fs = request.fs;","    return Q.invoke(fs, \"list\", response.directory)","    .then(function (list) {","        list.sort();","        return list.map(function (name) {","            return Q.invoke(fs, \"stat\", fs.join(response.directory, name))","            .then(function (stat) {","                if (stat.isDirectory()) {","                    return {name: name, stat: {","                        type: \"directory\"","                    }};","                } else if (stat.isFile()) {","                    return {name: name, stat: {","                        type: \"file\"","                    }};","                }","            }, function () {","                // ignore unstatable entries","            });","        })","    })","    .all()","    .then(function (stats) {","        var data = {};","        stats.forEach(function (entry) {","            if (entry) {","                data[entry.name] = entry.stat;","            }","        });","        return data;","    });","};","","exports.DirectoryIndex = function (app, indexFile) {","    indexFile = indexFile || \"index.html\";","    return function (request) {","        request.directoryIndex = true;","        request.location = URL.parse(request.path);","        // redirect index.html to containing directory","        // TODO worry about whether this file actually exists","        if (request.location.file === indexFile) {","            return RedirectApps.redirect(request, \".\");","        } else {","            return Q.fcall(app, request)","            .then(function (response) {","                if (response.directory !== void 0) {","                    if (request.location.file) {","                        return RedirectApps.redirect(request, request.location.file + \"/\");","                    } else {","                        var index = request.fs.join(response.directory, indexFile);","                        return Q.invoke(request.fs, \"isFile\", index)","                        .then(function (isFile) {","                            if (isFile) {","                                request.url = URL.resolve(request.url, indexFile);","                                request.pathInfo += indexFile;","                                return app(request);","                            } else {","                                return response;","                            }","                        });","                    }","                } else {","                    return response;","                }","            });","        }","    };","};","",""],"l":{"2":1,"3":1,"4":1,"5":1,"6":1,"7":1,"8":1,"9":1,"10":1,"17":1,"18":0,"19":0,"36":1,"37":0,"38":0,"39":0,"40":0,"41":0,"42":0,"43":0,"44":0,"45":0,"46":0,"47":0,"48":0,"53":0,"54":0,"55":0,"57":0,"58":0,"59":0,"61":0,"62":0,"63":0,"64":0,"67":0,"68":0,"69":0,"70":0,"71":0,"73":0,"77":0,"83":1,"84":0,"86":0,"87":0,"88":0,"89":0,"92":0,"93":0,"94":0,"100":0,"102":0,"109":0,"111":0,"112":0,"113":0,"115":0,"116":0,"118":0,"119":0,"124":0,"125":0,"126":0,"128":0,"136":0,"137":0,"138":0,"142":0,"152":1,"153":1,"155":1,"156":0,"157":0,"158":0,"159":0,"160":0,"161":0,"162":0,"163":0,"164":0,"165":0,"166":0,"167":0,"169":0,"170":0,"172":0,"178":1,"179":0,"180":0,"181":0,"182":0,"183":0,"184":0,"185":0,"186":0,"187":0,"189":0,"192":0,"199":1,"200":0,"212":1,"213":0,"214":0,"215":0,"218":1,"219":0,"220":0,"221":0,"222":0,"224":0,"225":0,"227":0,"228":0,"230":0,"236":1,"238":0,"239":0,"240":0,"242":0,"243":0,"244":0,"245":0,"246":0,"248":0,"249":0,"251":0,"252":0,"254":0,"257":1,"258":0,"260":0,"268":0,"269":0,"270":0,"271":0,"272":0,"273":0,"275":0,"277":0,"284":1,"285":0,"287":0,"294":0,"295":0,"296":0,"297":0,"298":0,"300":0,"308":1,"309":0,"311":0,"318":0,"319":0,"320":0,"321":0,"322":0,"323":0,"325":0,"327":0,"334":1,"335":0,"337":0,"345":1,"346":0,"347":0,"349":0,"350":0,"352":0,"353":0,"354":0,"356":0,"357":0,"360":0,"361":0,"372":0,"373":0,"374":0,"375":0,"378":0,"382":1,"383":0,"384":0,"385":0,"386":0,"389":0,"390":0,"392":0,"394":0,"395":0,"396":0,"398":0,"399":0,"401":0,"402":0,"403":0,"404":0,"406":0,"411":0}}}